Using pre-set license
Built from '2020.3/staging' branch; Version is '2020.3.0f1 (c7b5465681fb) revision 13088070'; Using compiler version '192528614'; Build Type 'Release'
OS: 'Windows 10 Home Single Language; OS build 19041.928; Version 2004; 64bit' Language: 'tr' Physical Memory: 8078 MB
BatchMode: 1, IsHumanControllingUs: 0, StartBugReporterOnCrash: 0, Is64bit: 1, IsPro: 0

 COMMAND LINE ARGUMENTS:
C:\Program Files\Unity\Hub\Editor\2020.3.0f1\Editor\Unity.exe
-adb2
-batchMode
-noUpm
-name
AssetImportWorker1
-projectPath
C:/Users/vahde/Desktop/DefeatFearYour/DefeatYourFear
-logFile
Logs/AssetImportWorker1.log
-srvPort
59404
Successfully changed project path to: C:/Users/vahde/Desktop/DefeatFearYour/DefeatYourFear
C:/Users/vahde/Desktop/DefeatFearYour/DefeatYourFear
Using Asset Import Pipeline V2.
Refreshing native plugins compatible for Editor in 41.05 ms, found 0 plugins.
Preloading 0 native plugins for Editor in 0.00 ms.
Initialize engine version: 2020.3.0f1 (c7b5465681fb)
[Subsystems] Discovering subsystems at path C:/Program Files/Unity/Hub/Editor/2020.3.0f1/Editor/Data/Resources/UnitySubsystems
[Subsystems] Discovering subsystems at path C:/Users/vahde/Desktop/DefeatFearYour/DefeatYourFear/Assets
GfxDevice: creating device client; threaded=0
Direct3D:
    Version:  Direct3D 11.0 [level 11.0]
    Renderer: NVIDIA GeForce MX110 (ID=0x174e)
    Vendor:   
    VRAM:     2010 MB
    Driver:   27.21.14.6172
Initialize mono
Mono path[0] = 'C:/Program Files/Unity/Hub/Editor/2020.3.0f1/Editor/Data/Managed'
Mono path[1] = 'C:/Program Files/Unity/Hub/Editor/2020.3.0f1/Editor/Data/MonoBleedingEdge/lib/mono/unityjit'
Mono config path = 'C:/Program Files/Unity/Hub/Editor/2020.3.0f1/Editor/Data/MonoBleedingEdge/etc'
Using monoOptions --debugger-agent=transport=dt_socket,embedding=1,server=y,suspend=n,address=127.0.0.1:56772
Begin MonoManager ReloadAssembly
Registering precompiled unity dll's ...
Register platform support module: C:/Program Files/Unity/Hub/Editor/2020.3.0f1/Editor/Data/PlaybackEngines/WindowsStandaloneSupport/UnityEditor.WindowsStandalone.Extensions.dll
Registered in 0.001649 seconds.
Native extension for WindowsStandalone target not found
Refreshing native plugins compatible for Editor in 35.53 ms, found 0 plugins.
Preloading 0 native plugins for Editor in 0.00 ms.
Invoked RoslynAnalysisRunner static constructor.
RoslynAnalysisRunner will not be running.
RoslynAnalysisRunner has terminated.
Mono: successfully reloaded assembly
- Completed reload, in  0.953 seconds
Platform modules already initialized, skipping
Registering precompiled user dll's ...
Registered in 0.000777 seconds.
Begin MonoManager ReloadAssembly
Native extension for WindowsStandalone target not found
Refreshing native plugins compatible for Editor in 0.52 ms, found 0 plugins.
Preloading 0 native plugins for Editor in 0.00 ms.
Invoked RoslynAnalysisRunner static constructor.
RoslynAnalysisRunner will not be running.
RoslynAnalysisRunner has terminated.
Mono: successfully reloaded assembly
- Completed reload, in  0.883 seconds
Platform modules already initialized, skipping
========================================================================
Worker process is ready to serve import requests
Launched and connected shader compiler UnityShaderCompiler.exe after 0.11 seconds
Refreshing native plugins compatible for Editor in 0.44 ms, found 0 plugins.
Preloading 0 native plugins for Editor in 0.00 ms.
Unloading 1269 Unused Serialized files (Serialized files now loaded: 0)
System memory in use before: 93.6 MB.
System memory in use after: 93.7 MB.

Unloading 8 unused Assets to reduce memory usage. Loaded Objects now: 1761.
Total: 2.674700 ms (FindLiveObjects: 0.416100 ms CreateObjectMapping: 0.178600 ms MarkObjects: 2.045600 ms  DeleteObjects: 0.032900 ms)

========================================================================
Received Import Request.
  path: Assets/DogAnimation.cs
  artifactKey: Guid(1bec022eadd6f1944bfc0b497648cd88) Importer(815301076,1909f56bfc062723c751e8b465ee728b)
Start importing Assets/DogAnimation.cs using Guid(1bec022eadd6f1944bfc0b497648cd88) Importer(815301076,1909f56bfc062723c751e8b465ee728b)  -> (artifact id: 'def2281d7720e3bda667a0f8a4a17132') in 0.287609 seconds
  Import took 0.356677 seconds .

========================================================================
Received Import Request.
  Time since last request: 376.575628 seconds.
  path: Assets/Script/Health.cs
  artifactKey: Guid(87bfdf0272578554badd31a321193801) Importer(815301076,1909f56bfc062723c751e8b465ee728b)
Start importing Assets/Script/Health.cs using Guid(87bfdf0272578554badd31a321193801) Importer(815301076,1909f56bfc062723c751e8b465ee728b)  -> (artifact id: '1047a2a5ccb38a06634f73647f89f174') in 0.007635 seconds
  Import took 0.054499 seconds .

========================================================================
Received Import Request.
  Time since last request: 222.668504 seconds.
  path: Assets/Dog - Tatra Sheepdog/Model/For_RM_ Animator Controller.controller
  artifactKey: Guid(1e089670e5ebf17428f3c44e04b5f036) Importer(815301076,1909f56bfc062723c751e8b465ee728b)
Start importing Assets/Dog - Tatra Sheepdog/Model/For_RM_ Animator Controller.controller using Guid(1e089670e5ebf17428f3c44e04b5f036) Importer(815301076,1909f56bfc062723c751e8b465ee728b)  -> (artifact id: '61c13d73f2d491b2d76f816409ceb78c') in 0.109323 seconds
  Import took 0.155589 seconds .

========================================================================
Received Prepare
Registering precompiled user dll's ...
Registered in 0.000719 seconds.
Begin MonoManager ReloadAssembly
Native extension for WindowsStandalone target not found
Refreshing native plugins compatible for Editor in 0.40 ms, found 0 plugins.
Preloading 0 native plugins for Editor in 0.00 ms.
Invoked RoslynAnalysisRunner static constructor.
RoslynAnalysisRunner will not be running.
RoslynAnalysisRunner has terminated.
Mono: successfully reloaded assembly
- Completed reload, in  0.815 seconds
Platform modules already initialized, skipping
Refreshing native plugins compatible for Editor in 0.40 ms, found 0 plugins.
Preloading 0 native plugins for Editor in 0.00 ms.
Unloading 1229 Unused Serialized files (Serialized files now loaded: 0)
System memory in use before: 90.9 MB.
System memory in use after: 91.0 MB.

Unloading 4 unused Assets to reduce memory usage. Loaded Objects now: 1764.
Total: 1.636800 ms (FindLiveObjects: 0.159100 ms CreateObjectMapping: 0.056000 ms MarkObjects: 1.408600 ms  DeleteObjects: 0.012400 ms)

========================================================================
Received Import Request.
  Time since last request: 31.491336 seconds.
  path: Assets/cynophobia/New Animator Controller.controller
  artifactKey: Guid(f704c9ab6d3f3ec4e965f74d0669d867) Importer(815301076,1909f56bfc062723c751e8b465ee728b)
Start importing Assets/cynophobia/New Animator Controller.controller using Guid(f704c9ab6d3f3ec4e965f74d0669d867) Importer(815301076,1909f56bfc062723c751e8b465ee728b)  -> (artifact id: 'da8830d361389e5d6f26456ee5fe5670') in 0.036376 seconds
  Import took 0.232984 seconds .

========================================================================
Received Import Request.
  Time since last request: 94.921195 seconds.
  path: Assets/cynophobia/Humanoid.controller
  artifactKey: Guid(f704c9ab6d3f3ec4e965f74d0669d867) Importer(815301076,1909f56bfc062723c751e8b465ee728b)
Start importing Assets/cynophobia/Humanoid.controller using Guid(f704c9ab6d3f3ec4e965f74d0669d867) Importer(815301076,1909f56bfc062723c751e8b465ee728b)  -> (artifact id: '4355c998c61472bab4b9a241edb486f4') in 0.010663 seconds
  Import took 0.064074 seconds .

========================================================================
Received Prepare
Registering precompiled user dll's ...
Registered in 0.000804 seconds.
Begin MonoManager ReloadAssembly
Native extension for WindowsStandalone target not found
Refreshing native plugins compatible for Editor in 0.36 ms, found 0 plugins.
Preloading 0 native plugins for Editor in 0.00 ms.
Invoked RoslynAnalysisRunner static constructor.
RoslynAnalysisRunner will not be running.
RoslynAnalysisRunner has terminated.
Mono: successfully reloaded assembly
- Completed reload, in  0.774 seconds
Platform modules already initialized, skipping
Refreshing native plugins compatible for Editor in 0.38 ms, found 0 plugins.
Preloading 0 native plugins for Editor in 0.00 ms.
Unloading 1229 Unused Serialized files (Serialized files now loaded: 0)
System memory in use before: 90.9 MB.
System memory in use after: 91.0 MB.

Unloading 4 unused Assets to reduce memory usage. Loaded Objects now: 1767.
Total: 1.806400 ms (FindLiveObjects: 0.195100 ms CreateObjectMapping: 0.038900 ms MarkObjects: 1.519700 ms  DeleteObjects: 0.051400 ms)

========================================================================
Received Prepare
Registering precompiled user dll's ...
Registered in 0.000803 seconds.
Begin MonoManager ReloadAssembly
Native extension for WindowsStandalone target not found
Refreshing native plugins compatible for Editor in 0.44 ms, found 0 plugins.
Preloading 0 native plugins for Editor in 0.00 ms.
Invoked RoslynAnalysisRunner static constructor.
RoslynAnalysisRunner will not be running.
RoslynAnalysisRunner has terminated.
Mono: successfully reloaded assembly
- Completed reload, in  0.952 seconds
Platform modules already initialized, skipping
Refreshing native plugins compatible for Editor in 0.37 ms, found 0 plugins.
Preloading 0 native plugins for Editor in 0.00 ms.
Unloading 1229 Unused Serialized files (Serialized files now loaded: 0)
System memory in use before: 90.9 MB.
System memory in use after: 91.0 MB.

Unloading 4 unused Assets to reduce memory usage. Loaded Objects now: 1770.
Total: 1.959800 ms (FindLiveObjects: 0.259100 ms CreateObjectMapping: 0.048700 ms MarkObjects: 1.630600 ms  DeleteObjects: 0.019400 ms)

AssetImportWorkerClient::OnTransportError - code=2 error=End of file
