Using pre-set license
Built from '2020.3/staging' branch; Version is '2020.3.0f1 (c7b5465681fb) revision 13088070'; Using compiler version '192528614'; Build Type 'Release'
OS: 'Windows 10 Home Single Language; OS build 19041.867; Version 2004; 64bit' Language: 'tr' Physical Memory: 8078 MB
BatchMode: 1, IsHumanControllingUs: 0, StartBugReporterOnCrash: 0, Is64bit: 1, IsPro: 0

 COMMAND LINE ARGUMENTS:
C:\Program Files\Unity\Hub\Editor\2020.3.0f1\Editor\Unity.exe
-adb2
-batchMode
-noUpm
-name
AssetImportWorker4
-projectPath
C:/Users/vahde/Desktop/DefeatFearYour/DefeatYourFear
-logFile
Logs/AssetImportWorker4.log
-srvPort
51198
Successfully changed project path to: C:/Users/vahde/Desktop/DefeatFearYour/DefeatYourFear
C:/Users/vahde/Desktop/DefeatFearYour/DefeatYourFear
Using Asset Import Pipeline V2.
Refreshing native plugins compatible for Editor in 35.97 ms, found 0 plugins.
Preloading 0 native plugins for Editor in 0.00 ms.
Initialize engine version: 2020.3.0f1 (c7b5465681fb)
[Subsystems] Discovering subsystems at path C:/Program Files/Unity/Hub/Editor/2020.3.0f1/Editor/Data/Resources/UnitySubsystems
[Subsystems] Discovering subsystems at path C:/Users/vahde/Desktop/DefeatFearYour/DefeatYourFear/Assets
GfxDevice: creating device client; threaded=0
Direct3D:
    Version:  Direct3D 11.0 [level 11.0]
    Renderer: NVIDIA GeForce MX110 (ID=0x174e)
    Vendor:   
    VRAM:     2010 MB
    Driver:   27.21.14.6172
Initialize mono
Mono path[0] = 'C:/Program Files/Unity/Hub/Editor/2020.3.0f1/Editor/Data/Managed'
Mono path[1] = 'C:/Program Files/Unity/Hub/Editor/2020.3.0f1/Editor/Data/MonoBleedingEdge/lib/mono/unityjit'
Mono config path = 'C:/Program Files/Unity/Hub/Editor/2020.3.0f1/Editor/Data/MonoBleedingEdge/etc'
Using monoOptions --debugger-agent=transport=dt_socket,embedding=1,server=y,suspend=n,address=127.0.0.1:56652
Begin MonoManager ReloadAssembly
Registering precompiled unity dll's ...
Register platform support module: C:/Program Files/Unity/Hub/Editor/2020.3.0f1/Editor/Data/PlaybackEngines/WindowsStandaloneSupport/UnityEditor.WindowsStandalone.Extensions.dll
Registered in 0.001714 seconds.
Native extension for WindowsStandalone target not found
Refreshing native plugins compatible for Editor in 45.09 ms, found 0 plugins.
Preloading 0 native plugins for Editor in 0.00 ms.
Invoked RoslynAnalysisRunner static constructor.
RoslynAnalysisRunner will not be running.
RoslynAnalysisRunner has terminated.
Mono: successfully reloaded assembly
- Completed reload, in  1.238 seconds
Platform modules already initialized, skipping
Registering precompiled user dll's ...
Registered in 0.002005 seconds.
Begin MonoManager ReloadAssembly
Native extension for WindowsStandalone target not found
Refreshing native plugins compatible for Editor in 0.34 ms, found 0 plugins.
Preloading 0 native plugins for Editor in 0.00 ms.
Invoked RoslynAnalysisRunner static constructor.
RoslynAnalysisRunner will not be running.
RoslynAnalysisRunner has terminated.
Mono: successfully reloaded assembly
- Completed reload, in  0.831 seconds
Platform modules already initialized, skipping
========================================================================
Worker process is ready to serve import requests
Launched and connected shader compiler UnityShaderCompiler.exe after 0.27 seconds
Refreshing native plugins compatible for Editor in 0.36 ms, found 0 plugins.
Preloading 0 native plugins for Editor in 0.00 ms.
Unloading 1268 Unused Serialized files (Serialized files now loaded: 0)
System memory in use before: 93.5 MB.
System memory in use after: 93.6 MB.

Unloading 8 unused Assets to reduce memory usage. Loaded Objects now: 1760.
Total: 2.571300 ms (FindLiveObjects: 0.276000 ms CreateObjectMapping: 0.129400 ms MarkObjects: 2.092800 ms  DeleteObjects: 0.071900 ms)

========================================================================
Received Import Request.
  path: Assets/Dog - Tatra Sheepdog/DogController.controller
  artifactKey: Guid(d6e74bff3931b5a439c813b13c123b9d) Importer(815301076,1909f56bfc062723c751e8b465ee728b)
Start importing Assets/Dog - Tatra Sheepdog/DogController.controller using Guid(d6e74bff3931b5a439c813b13c123b9d) Importer(815301076,1909f56bfc062723c751e8b465ee728b)  -> (artifact id: 'b5125341719d1ebf7a347022020f5c6c') in 0.235252 seconds
  Import took 0.268572 seconds .

========================================================================
Received Prepare
Registering precompiled user dll's ...
Registered in 0.483792 seconds.
Begin MonoManager ReloadAssembly
Native extension for WindowsStandalone target not found
Refreshing native plugins compatible for Editor in 0.34 ms, found 0 plugins.
Preloading 0 native plugins for Editor in 0.00 ms.
Invoked RoslynAnalysisRunner static constructor.
RoslynAnalysisRunner will not be running.
RoslynAnalysisRunner has terminated.
Mono: successfully reloaded assembly
- Completed reload, in  0.883 seconds
Platform modules already initialized, skipping
Refreshing native plugins compatible for Editor in 1.12 ms, found 0 plugins.
Preloading 0 native plugins for Editor in 0.00 ms.
Unloading 1228 Unused Serialized files (Serialized files now loaded: 0)
System memory in use before: 90.7 MB.
System memory in use after: 90.8 MB.

Unloading 4 unused Assets to reduce memory usage. Loaded Objects now: 1763.
Total: 1.815800 ms (FindLiveObjects: 0.183600 ms CreateObjectMapping: 0.042400 ms MarkObjects: 1.564400 ms  DeleteObjects: 0.024100 ms)

========================================================================
Received Import Request.
  Time since last request: 242.438466 seconds.
  path: Assets/Dog - Tatra Sheepdog/Model/For_RM_ Animator Controller.controller
  artifactKey: Guid(1e089670e5ebf17428f3c44e04b5f036) Importer(815301076,1909f56bfc062723c751e8b465ee728b)
Start importing Assets/Dog - Tatra Sheepdog/Model/For_RM_ Animator Controller.controller using Guid(1e089670e5ebf17428f3c44e04b5f036) Importer(815301076,1909f56bfc062723c751e8b465ee728b)  -> (artifact id: '1f03f9a8e856c7982f721ccb8b356ebd') in 0.162258 seconds
  Import took 0.204262 seconds .

========================================================================
Received Prepare
Registering precompiled user dll's ...
Registered in 0.000648 seconds.
Begin MonoManager ReloadAssembly
Native extension for WindowsStandalone target not found
Refreshing native plugins compatible for Editor in 0.34 ms, found 0 plugins.
Preloading 0 native plugins for Editor in 0.00 ms.
Invoked RoslynAnalysisRunner static constructor.
RoslynAnalysisRunner will not be running.
RoslynAnalysisRunner has terminated.
Mono: successfully reloaded assembly
- Completed reload, in  0.755 seconds
Platform modules already initialized, skipping
Refreshing native plugins compatible for Editor in 0.35 ms, found 0 plugins.
Preloading 0 native plugins for Editor in 0.00 ms.
Unloading 1228 Unused Serialized files (Serialized files now loaded: 0)
System memory in use before: 90.7 MB.
System memory in use after: 90.8 MB.

Unloading 4 unused Assets to reduce memory usage. Loaded Objects now: 1766.
Total: 2.105700 ms (FindLiveObjects: 0.205500 ms CreateObjectMapping: 0.056400 ms MarkObjects: 1.829100 ms  DeleteObjects: 0.013600 ms)

========================================================================
Received Import Request.
  Time since last request: 41.792730 seconds.
  path: Assets/Dog - Tatra Sheepdog/Model/tatrasheepdog_sv_ip_mx.fbx
  artifactKey: Guid(73c511df2c1d5234aa5af711eeda564a) Importer(815301076,1909f56bfc062723c751e8b465ee728b)
Start importing Assets/Dog - Tatra Sheepdog/Model/tatrasheepdog_sv_ip_mx.fbx using Guid(73c511df2c1d5234aa5af711eeda564a) Importer(815301076,1909f56bfc062723c751e8b465ee728b)  -> (artifact id: '78b7850811239d560827d1d2e3dadf90') in 8.113778 seconds
  Import took 8.257823 seconds .

========================================================================
Received Import Request.
  Time since last request: 38.142530 seconds.
  path: Assets/Dog - Tatra Sheepdog/DogController.controller
  artifactKey: Guid(d6e74bff3931b5a439c813b13c123b9d) Importer(815301076,1909f56bfc062723c751e8b465ee728b)
Start importing Assets/Dog - Tatra Sheepdog/DogController.controller using Guid(d6e74bff3931b5a439c813b13c123b9d) Importer(815301076,1909f56bfc062723c751e8b465ee728b)  -> (artifact id: '1bf9a3fbe63717caf7217a6cf4cee150') in 0.045803 seconds
  Import took 0.090521 seconds .

========================================================================
Received Import Request.
  Time since last request: 3.285802 seconds.
  path: Assets/Dog - Tatra Sheepdog/Prefabs/TatraSheepdog_Lowpoly (1).prefab
  artifactKey: Guid(6fef7bcf9c9040940bc122403c5e87c2) Importer(815301076,1909f56bfc062723c751e8b465ee728b)
Start importing Assets/Dog - Tatra Sheepdog/Prefabs/TatraSheepdog_Lowpoly (1).prefab using Guid(6fef7bcf9c9040940bc122403c5e87c2) Importer(815301076,1909f56bfc062723c751e8b465ee728b)  -> (artifact id: 'bc58d2d897f7e2e4b32a7bd3298fe1ed') in 0.398405 seconds
  Import took 0.509335 seconds .

========================================================================
Received Prepare
Registering precompiled user dll's ...
Registered in 0.000754 seconds.
Begin MonoManager ReloadAssembly
Native extension for WindowsStandalone target not found
Refreshing native plugins compatible for Editor in 0.44 ms, found 0 plugins.
Preloading 0 native plugins for Editor in 0.00 ms.
Invoked RoslynAnalysisRunner static constructor.
RoslynAnalysisRunner will not be running.
RoslynAnalysisRunner has terminated.
Mono: successfully reloaded assembly
- Completed reload, in  0.762 seconds
Platform modules already initialized, skipping
Refreshing native plugins compatible for Editor in 0.38 ms, found 0 plugins.
Preloading 0 native plugins for Editor in 0.00 ms.
Unloading 1228 Unused Serialized files (Serialized files now loaded: 0)
System memory in use before: 108.1 MB.
System memory in use after: 108.2 MB.

Unloading 4 unused Assets to reduce memory usage. Loaded Objects now: 1780.
Total: 1.693700 ms (FindLiveObjects: 0.143200 ms CreateObjectMapping: 0.038700 ms MarkObjects: 1.496100 ms  DeleteObjects: 0.013800 ms)

========================================================================
Received Import Request.
  Time since last request: 88.190787 seconds.
  path: Assets/Dog - Tatra Sheepdog/DogController.controller
  artifactKey: Guid(d6e74bff3931b5a439c813b13c123b9d) Importer(815301076,1909f56bfc062723c751e8b465ee728b)
Start importing Assets/Dog - Tatra Sheepdog/DogController.controller using Guid(d6e74bff3931b5a439c813b13c123b9d) Importer(815301076,1909f56bfc062723c751e8b465ee728b)  -> (artifact id: '5892e300d0a75e6125ece1e6d752e33b') in 0.058069 seconds
  Import took 0.100877 seconds .

========================================================================
Received Prepare
Registering precompiled user dll's ...
Registered in 0.000853 seconds.
Begin MonoManager ReloadAssembly
Native extension for WindowsStandalone target not found
Refreshing native plugins compatible for Editor in 0.42 ms, found 0 plugins.
Preloading 0 native plugins for Editor in 0.00 ms.
Invoked RoslynAnalysisRunner static constructor.
RoslynAnalysisRunner will not be running.
RoslynAnalysisRunner has terminated.
Mono: successfully reloaded assembly
- Completed reload, in  0.731 seconds
Platform modules already initialized, skipping
Refreshing native plugins compatible for Editor in 0.36 ms, found 0 plugins.
Preloading 0 native plugins for Editor in 0.00 ms.
Unloading 1229 Unused Serialized files (Serialized files now loaded: 0)
System memory in use before: 108.2 MB.
System memory in use after: 108.3 MB.

Unloading 4 unused Assets to reduce memory usage. Loaded Objects now: 1784.
Total: 1.670000 ms (FindLiveObjects: 0.184900 ms CreateObjectMapping: 0.041400 ms MarkObjects: 1.428400 ms  DeleteObjects: 0.013800 ms)

========================================================================
Received Prepare
Registering precompiled user dll's ...
Registered in 0.000706 seconds.
Begin MonoManager ReloadAssembly
Native extension for WindowsStandalone target not found
Refreshing native plugins compatible for Editor in 0.35 ms, found 0 plugins.
Preloading 0 native plugins for Editor in 0.00 ms.
Invoked RoslynAnalysisRunner static constructor.
RoslynAnalysisRunner will not be running.
RoslynAnalysisRunner has terminated.
Mono: successfully reloaded assembly
- Completed reload, in  0.973 seconds
Platform modules already initialized, skipping
Refreshing native plugins compatible for Editor in 0.38 ms, found 0 plugins.
Preloading 0 native plugins for Editor in 0.00 ms.
Unloading 1229 Unused Serialized files (Serialized files now loaded: 0)
System memory in use before: 108.2 MB.
System memory in use after: 108.3 MB.

Unloading 4 unused Assets to reduce memory usage. Loaded Objects now: 1787.
Total: 2.347500 ms (FindLiveObjects: 0.396000 ms CreateObjectMapping: 0.082800 ms MarkObjects: 1.850800 ms  DeleteObjects: 0.016600 ms)

========================================================================
Received Import Request.
  Time since last request: 206.169183 seconds.
  path: Assets/Dog - Tatra Sheepdog/Model/For_RM_ Animator Controller.controller
  artifactKey: Guid(1e089670e5ebf17428f3c44e04b5f036) Importer(815301076,1909f56bfc062723c751e8b465ee728b)
Start importing Assets/Dog - Tatra Sheepdog/Model/For_RM_ Animator Controller.controller using Guid(1e089670e5ebf17428f3c44e04b5f036) Importer(815301076,1909f56bfc062723c751e8b465ee728b)  -> (artifact id: 'de83d8313cf0f4b3110534b8931fb612') in 0.025510 seconds
  Import took 0.103226 seconds .

========================================================================
Received Prepare
Registering precompiled user dll's ...
Registered in 0.001489 seconds.
Begin MonoManager ReloadAssembly
Native extension for WindowsStandalone target not found
Refreshing native plugins compatible for Editor in 0.60 ms, found 0 plugins.
Preloading 0 native plugins for Editor in 0.00 ms.
Invoked RoslynAnalysisRunner static constructor.
RoslynAnalysisRunner will not be running.
RoslynAnalysisRunner has terminated.
Mono: successfully reloaded assembly
- Completed reload, in  1.811 seconds
Platform modules already initialized, skipping
Refreshing native plugins compatible for Editor in 0.74 ms, found 0 plugins.
Preloading 0 native plugins for Editor in 0.00 ms.
Unloading 1229 Unused Serialized files (Serialized files now loaded: 0)
System memory in use before: 108.2 MB.
System memory in use after: 108.3 MB.

Unloading 4 unused Assets to reduce memory usage. Loaded Objects now: 1790.
Total: 3.148000 ms (FindLiveObjects: 0.378700 ms CreateObjectMapping: 0.083900 ms MarkObjects: 2.656500 ms  DeleteObjects: 0.026200 ms)

========================================================================
Received Import Request.
  Time since last request: 177.658578 seconds.
  path: Assets/Dog - Tatra Sheepdog/Model/For_RM_ Animator Controller.controller
  artifactKey: Guid(1e089670e5ebf17428f3c44e04b5f036) Importer(815301076,1909f56bfc062723c751e8b465ee728b)
Start importing Assets/Dog - Tatra Sheepdog/Model/For_RM_ Animator Controller.controller using Guid(1e089670e5ebf17428f3c44e04b5f036) Importer(815301076,1909f56bfc062723c751e8b465ee728b)  -> (artifact id: '53c529c99f88a1c5448722314e00a485') in 0.054840 seconds
  Import took 0.162405 seconds .

========================================================================
Received Import Request.
  Time since last request: 3.493176 seconds.
  path: Assets/Dog - Tatra Sheepdog/Model/For_RM_ Animator Controller.controller
  artifactKey: Guid(1e089670e5ebf17428f3c44e04b5f036) Importer(815301076,1909f56bfc062723c751e8b465ee728b)
Start importing Assets/Dog - Tatra Sheepdog/Model/For_RM_ Animator Controller.controller using Guid(1e089670e5ebf17428f3c44e04b5f036) Importer(815301076,1909f56bfc062723c751e8b465ee728b)  -> (artifact id: '53c529c99f88a1c5448722314e00a485') in 0.006425 seconds
  Import took 0.012250 seconds .

========================================================================
Received Prepare
Registering precompiled user dll's ...
Registered in 0.000700 seconds.
Begin MonoManager ReloadAssembly
Native extension for WindowsStandalone target not found
Refreshing native plugins compatible for Editor in 0.47 ms, found 0 plugins.
Preloading 0 native plugins for Editor in 0.00 ms.
Invoked RoslynAnalysisRunner static constructor.
RoslynAnalysisRunner will not be running.
RoslynAnalysisRunner has terminated.
Mono: successfully reloaded assembly
- Completed reload, in  0.747 seconds
Platform modules already initialized, skipping
Refreshing native plugins compatible for Editor in 0.38 ms, found 0 plugins.
Preloading 0 native plugins for Editor in 0.00 ms.
Unloading 1229 Unused Serialized files (Serialized files now loaded: 0)
System memory in use before: 108.2 MB.
System memory in use after: 108.3 MB.

Unloading 4 unused Assets to reduce memory usage. Loaded Objects now: 1793.
Total: 1.677500 ms (FindLiveObjects: 0.187300 ms CreateObjectMapping: 0.041900 ms MarkObjects: 1.434600 ms  DeleteObjects: 0.012600 ms)

========================================================================
Received Prepare
Registering precompiled user dll's ...
Registered in 0.001354 seconds.
Begin MonoManager ReloadAssembly
Native extension for WindowsStandalone target not found
Refreshing native plugins compatible for Editor in 0.35 ms, found 0 plugins.
Preloading 0 native plugins for Editor in 0.00 ms.
Invoked RoslynAnalysisRunner static constructor.
RoslynAnalysisRunner will not be running.
RoslynAnalysisRunner has terminated.
Mono: successfully reloaded assembly
- Completed reload, in  0.848 seconds
Platform modules already initialized, skipping
Refreshing native plugins compatible for Editor in 0.37 ms, found 0 plugins.
Preloading 0 native plugins for Editor in 0.00 ms.
Unloading 1229 Unused Serialized files (Serialized files now loaded: 0)
System memory in use before: 108.2 MB.
System memory in use after: 108.3 MB.

Unloading 4 unused Assets to reduce memory usage. Loaded Objects now: 1796.
Total: 1.884300 ms (FindLiveObjects: 0.226600 ms CreateObjectMapping: 0.049000 ms MarkObjects: 1.591300 ms  DeleteObjects: 0.015800 ms)

========================================================================
Received Import Request.
  Time since last request: 163.606016 seconds.
  path: Assets/Dog - Tatra Sheepdog/DogController.controller
  artifactKey: Guid(d6e74bff3931b5a439c813b13c123b9d) Importer(815301076,1909f56bfc062723c751e8b465ee728b)
Start importing Assets/Dog - Tatra Sheepdog/DogController.controller using Guid(d6e74bff3931b5a439c813b13c123b9d) Importer(815301076,1909f56bfc062723c751e8b465ee728b)  -> (artifact id: '65394f156784fce765ac0911a71bed20') in 0.041252 seconds
  Import took 0.138054 seconds .

========================================================================
Received Import Request.
  Time since last request: 18.267229 seconds.
  path: Assets/Dog - Tatra Sheepdog/DogController.controller
  artifactKey: Guid(d6e74bff3931b5a439c813b13c123b9d) Importer(815301076,1909f56bfc062723c751e8b465ee728b)
Start importing Assets/Dog - Tatra Sheepdog/DogController.controller using Guid(d6e74bff3931b5a439c813b13c123b9d) Importer(815301076,1909f56bfc062723c751e8b465ee728b)  -> (artifact id: 'bb5d042135effa3623c727ae3ad9f5de') in 0.006911 seconds
  Import took 0.110543 seconds .

========================================================================
Received Prepare
Registering precompiled user dll's ...
Registered in 0.000727 seconds.
Begin MonoManager ReloadAssembly
Native extension for WindowsStandalone target not found
Refreshing native plugins compatible for Editor in 0.37 ms, found 0 plugins.
Preloading 0 native plugins for Editor in 0.00 ms.
Invoked RoslynAnalysisRunner static constructor.
RoslynAnalysisRunner will not be running.
RoslynAnalysisRunner has terminated.
Mono: successfully reloaded assembly
- Completed reload, in  0.800 seconds
Platform modules already initialized, skipping
Refreshing native plugins compatible for Editor in 0.64 ms, found 0 plugins.
Preloading 0 native plugins for Editor in 0.00 ms.
Unloading 1229 Unused Serialized files (Serialized files now loaded: 0)
System memory in use before: 108.2 MB.
System memory in use after: 108.3 MB.

Unloading 4 unused Assets to reduce memory usage. Loaded Objects now: 1799.
Total: 3.513100 ms (FindLiveObjects: 0.423600 ms CreateObjectMapping: 0.139400 ms MarkObjects: 2.917100 ms  DeleteObjects: 0.030500 ms)

========================================================================
Received Prepare
Registering precompiled user dll's ...
Registered in 0.000883 seconds.
Begin MonoManager ReloadAssembly
Native extension for WindowsStandalone target not found
Refreshing native plugins compatible for Editor in 0.60 ms, found 0 plugins.
Preloading 0 native plugins for Editor in 0.00 ms.
Invoked RoslynAnalysisRunner static constructor.
RoslynAnalysisRunner will not be running.
RoslynAnalysisRunner has terminated.
Mono: successfully reloaded assembly
- Completed reload, in  0.803 seconds
Platform modules already initialized, skipping
Refreshing native plugins compatible for Editor in 0.44 ms, found 0 plugins.
Preloading 0 native plugins for Editor in 0.00 ms.
Unloading 1229 Unused Serialized files (Serialized files now loaded: 0)
System memory in use before: 108.2 MB.
System memory in use after: 108.3 MB.

Unloading 4 unused Assets to reduce memory usage. Loaded Objects now: 1802.
Total: 2.060000 ms (FindLiveObjects: 0.261800 ms CreateObjectMapping: 0.053100 ms MarkObjects: 1.722400 ms  DeleteObjects: 0.018600 ms)

========================================================================
Received Prepare
Registering precompiled user dll's ...
Registered in 0.270053 seconds.
Begin MonoManager ReloadAssembly
Native extension for WindowsStandalone target not found
Refreshing native plugins compatible for Editor in 0.46 ms, found 0 plugins.
Preloading 0 native plugins for Editor in 0.00 ms.
Invoked RoslynAnalysisRunner static constructor.
RoslynAnalysisRunner will not be running.
RoslynAnalysisRunner has terminated.
Mono: successfully reloaded assembly
- Completed reload, in  6.079 seconds
Platform modules already initialized, skipping
Refreshing native plugins compatible for Editor in 0.48 ms, found 0 plugins.
Preloading 0 native plugins for Editor in 0.00 ms.
Unloading 1229 Unused Serialized files (Serialized files now loaded: 0)
System memory in use before: 108.2 MB.
System memory in use after: 108.3 MB.

Unloading 4 unused Assets to reduce memory usage. Loaded Objects now: 1805.
Total: 2.923300 ms (FindLiveObjects: 0.296800 ms CreateObjectMapping: 0.052100 ms MarkObjects: 2.548700 ms  DeleteObjects: 0.023300 ms)

========================================================================
Received Import Request.
  Time since last request: 786.944157 seconds.
  path: Assets/DogAnimation.cs
  artifactKey: Guid(1bec022eadd6f1944bfc0b497648cd88) Importer(815301076,1909f56bfc062723c751e8b465ee728b)
Start importing Assets/DogAnimation.cs using Guid(1bec022eadd6f1944bfc0b497648cd88) Importer(815301076,1909f56bfc062723c751e8b465ee728b)  -> (artifact id: '8c57a2da3b46a6441eb18317c4d56208') in 46.607298 seconds
  Import took 48.002617 seconds .

========================================================================
Received Import Request.
  Time since last request: 187.591192 seconds.
  path: Assets/DogAnimation.cs
  artifactKey: Guid(1bec022eadd6f1944bfc0b497648cd88) Importer(815301076,1909f56bfc062723c751e8b465ee728b)
Start importing Assets/DogAnimation.cs using Guid(1bec022eadd6f1944bfc0b497648cd88) Importer(815301076,1909f56bfc062723c751e8b465ee728b)  -> (artifact id: '765734b1de42bcfb09589dff29271844') in 0.002998 seconds
  Import took 0.006317 seconds .

========================================================================
Received Prepare
Registering precompiled user dll's ...
Registered in 0.000687 seconds.
Begin MonoManager ReloadAssembly
Native extension for WindowsStandalone target not found
Refreshing native plugins compatible for Editor in 0.37 ms, found 0 plugins.
Preloading 0 native plugins for Editor in 0.00 ms.
Invoked RoslynAnalysisRunner static constructor.
RoslynAnalysisRunner will not be running.
RoslynAnalysisRunner has terminated.
Mono: successfully reloaded assembly
- Completed reload, in  0.924 seconds
Platform modules already initialized, skipping
Refreshing native plugins compatible for Editor in 0.41 ms, found 0 plugins.
Preloading 0 native plugins for Editor in 0.00 ms.
Unloading 1229 Unused Serialized files (Serialized files now loaded: 0)
System memory in use before: 108.2 MB.
System memory in use after: 108.3 MB.

Unloading 4 unused Assets to reduce memory usage. Loaded Objects now: 1808.
Total: 2.384900 ms (FindLiveObjects: 0.404700 ms CreateObjectMapping: 0.081600 ms MarkObjects: 1.853800 ms  DeleteObjects: 0.036900 ms)

========================================================================
Received Import Request.
  Time since last request: 313.084815 seconds.
  path: Assets/DogAnimation.cs
  artifactKey: Guid(1bec022eadd6f1944bfc0b497648cd88) Importer(815301076,1909f56bfc062723c751e8b465ee728b)
Start importing Assets/DogAnimation.cs using Guid(1bec022eadd6f1944bfc0b497648cd88) Importer(815301076,1909f56bfc062723c751e8b465ee728b)  -> (artifact id: '63b653dbe4d3adfc5d8962827535e1f9') in 0.034760 seconds
  Import took 0.037397 seconds .

========================================================================
Received Prepare
Registering precompiled user dll's ...
Registered in 0.000792 seconds.
Begin MonoManager ReloadAssembly
Native extension for WindowsStandalone target not found
Refreshing native plugins compatible for Editor in 0.54 ms, found 0 plugins.
Preloading 0 native plugins for Editor in 0.00 ms.
Invoked RoslynAnalysisRunner static constructor.
RoslynAnalysisRunner will not be running.
RoslynAnalysisRunner has terminated.
Mono: successfully reloaded assembly
- Completed reload, in  0.988 seconds
Platform modules already initialized, skipping
Refreshing native plugins compatible for Editor in 0.66 ms, found 0 plugins.
Preloading 0 native plugins for Editor in 0.00 ms.
Unloading 1229 Unused Serialized files (Serialized files now loaded: 0)
System memory in use before: 108.2 MB.
System memory in use after: 108.3 MB.

Unloading 4 unused Assets to reduce memory usage. Loaded Objects now: 1811.
Total: 4.648200 ms (FindLiveObjects: 0.317800 ms CreateObjectMapping: 0.104000 ms MarkObjects: 4.187500 ms  DeleteObjects: 0.035500 ms)

========================================================================
Received Prepare
Registering precompiled user dll's ...
Registered in 0.001572 seconds.
Begin MonoManager ReloadAssembly
Native extension for WindowsStandalone target not found
Refreshing native plugins compatible for Editor in 0.80 ms, found 0 plugins.
Preloading 0 native plugins for Editor in 0.00 ms.
Invoked RoslynAnalysisRunner static constructor.
RoslynAnalysisRunner will not be running.
RoslynAnalysisRunner has terminated.
Mono: successfully reloaded assembly
- Completed reload, in  2.088 seconds
Platform modules already initialized, skipping
Refreshing native plugins compatible for Editor in 0.63 ms, found 0 plugins.
Preloading 0 native plugins for Editor in 0.00 ms.
Unloading 1229 Unused Serialized files (Serialized files now loaded: 0)
System memory in use before: 108.2 MB.
System memory in use after: 108.3 MB.

Unloading 4 unused Assets to reduce memory usage. Loaded Objects now: 1814.
Total: 4.776500 ms (FindLiveObjects: 0.459000 ms CreateObjectMapping: 0.158900 ms MarkObjects: 4.115200 ms  DeleteObjects: 0.040700 ms)

========================================================================
Received Prepare
Registering precompiled user dll's ...
Registered in 0.001812 seconds.
Begin MonoManager ReloadAssembly
Native extension for WindowsStandalone target not found
Refreshing native plugins compatible for Editor in 0.34 ms, found 0 plugins.
Preloading 0 native plugins for Editor in 0.00 ms.
Invoked RoslynAnalysisRunner static constructor.
RoslynAnalysisRunner will not be running.
RoslynAnalysisRunner has terminated.
Mono: successfully reloaded assembly
- Completed reload, in  1.186 seconds
Platform modules already initialized, skipping
Refreshing native plugins compatible for Editor in 0.58 ms, found 0 plugins.
Preloading 0 native plugins for Editor in 0.00 ms.
Unloading 1229 Unused Serialized files (Serialized files now loaded: 0)
System memory in use before: 108.2 MB.
System memory in use after: 108.3 MB.

Unloading 4 unused Assets to reduce memory usage. Loaded Objects now: 1817.
Total: 2.389200 ms (FindLiveObjects: 0.336500 ms CreateObjectMapping: 0.085800 ms MarkObjects: 1.942800 ms  DeleteObjects: 0.021700 ms)

========================================================================
Received Prepare
Registering precompiled user dll's ...
Registered in 0.000826 seconds.
Begin MonoManager ReloadAssembly
Native extension for WindowsStandalone target not found
Refreshing native plugins compatible for Editor in 0.35 ms, found 0 plugins.
Preloading 0 native plugins for Editor in 0.00 ms.
Invoked RoslynAnalysisRunner static constructor.
RoslynAnalysisRunner will not be running.
RoslynAnalysisRunner has terminated.
Mono: successfully reloaded assembly
- Completed reload, in  1.155 seconds
Platform modules already initialized, skipping
Refreshing native plugins compatible for Editor in 0.48 ms, found 0 plugins.
Preloading 0 native plugins for Editor in 0.00 ms.
Unloading 1229 Unused Serialized files (Serialized files now loaded: 0)
System memory in use before: 108.2 MB.
System memory in use after: 108.3 MB.

Unloading 4 unused Assets to reduce memory usage. Loaded Objects now: 1820.
Total: 2.178200 ms (FindLiveObjects: 0.438700 ms CreateObjectMapping: 0.199600 ms MarkObjects: 1.523300 ms  DeleteObjects: 0.015100 ms)

========================================================================
Received Prepare
Registering precompiled user dll's ...
Registered in 0.000755 seconds.
Begin MonoManager ReloadAssembly
Native extension for WindowsStandalone target not found
Refreshing native plugins compatible for Editor in 0.66 ms, found 0 plugins.
Preloading 0 native plugins for Editor in 0.00 ms.
Invoked RoslynAnalysisRunner static constructor.
RoslynAnalysisRunner will not be running.
RoslynAnalysisRunner has terminated.
Mono: successfully reloaded assembly
- Completed reload, in  2.068 seconds
Platform modules already initialized, skipping
Refreshing native plugins compatible for Editor in 0.39 ms, found 0 plugins.
Preloading 0 native plugins for Editor in 0.00 ms.
Unloading 1229 Unused Serialized files (Serialized files now loaded: 0)
System memory in use before: 108.2 MB.
System memory in use after: 108.3 MB.

Unloading 4 unused Assets to reduce memory usage. Loaded Objects now: 1823.
Total: 1.688600 ms (FindLiveObjects: 0.195100 ms CreateObjectMapping: 0.047000 ms MarkObjects: 1.430700 ms  DeleteObjects: 0.014700 ms)

========================================================================
Received Prepare
Registering precompiled user dll's ...
Registered in 0.001226 seconds.
Begin MonoManager ReloadAssembly
Native extension for WindowsStandalone target not found
Refreshing native plugins compatible for Editor in 0.36 ms, found 0 plugins.
Preloading 0 native plugins for Editor in 0.00 ms.
Invoked RoslynAnalysisRunner static constructor.
RoslynAnalysisRunner will not be running.
RoslynAnalysisRunner has terminated.
Mono: successfully reloaded assembly
- Completed reload, in  1.135 seconds
Platform modules already initialized, skipping
Refreshing native plugins compatible for Editor in 0.39 ms, found 0 plugins.
Preloading 0 native plugins for Editor in 0.00 ms.
Unloading 1229 Unused Serialized files (Serialized files now loaded: 0)
System memory in use before: 108.2 MB.
System memory in use after: 108.3 MB.

Unloading 4 unused Assets to reduce memory usage. Loaded Objects now: 1826.
Total: 3.367700 ms (FindLiveObjects: 0.431300 ms CreateObjectMapping: 0.123700 ms MarkObjects: 2.789100 ms  DeleteObjects: 0.021100 ms)

========================================================================
Received Prepare
Registering precompiled user dll's ...
Registered in 0.000794 seconds.
Begin MonoManager ReloadAssembly
Native extension for WindowsStandalone target not found
Refreshing native plugins compatible for Editor in 0.64 ms, found 0 plugins.
Preloading 0 native plugins for Editor in 0.00 ms.
Invoked RoslynAnalysisRunner static constructor.
RoslynAnalysisRunner will not be running.
RoslynAnalysisRunner has terminated.
Mono: successfully reloaded assembly
- Completed reload, in  1.662 seconds
Platform modules already initialized, skipping
Refreshing native plugins compatible for Editor in 0.38 ms, found 0 plugins.
Preloading 0 native plugins for Editor in 0.00 ms.
Unloading 1229 Unused Serialized files (Serialized files now loaded: 0)
System memory in use before: 108.2 MB.
System memory in use after: 108.3 MB.

Unloading 4 unused Assets to reduce memory usage. Loaded Objects now: 1829.
Total: 2.273100 ms (FindLiveObjects: 0.481300 ms CreateObjectMapping: 0.064500 ms MarkObjects: 1.708800 ms  DeleteObjects: 0.016500 ms)

========================================================================
Received Prepare
Registering precompiled user dll's ...
Registered in 0.000702 seconds.
Begin MonoManager ReloadAssembly
Native extension for WindowsStandalone target not found
Refreshing native plugins compatible for Editor in 0.35 ms, found 0 plugins.
Preloading 0 native plugins for Editor in 0.00 ms.
Invoked RoslynAnalysisRunner static constructor.
RoslynAnalysisRunner will not be running.
RoslynAnalysisRunner has terminated.
Mono: successfully reloaded assembly
- Completed reload, in  0.888 seconds
Platform modules already initialized, skipping
Refreshing native plugins compatible for Editor in 0.38 ms, found 0 plugins.
Preloading 0 native plugins for Editor in 0.00 ms.
Unloading 1230 Unused Serialized files (Serialized files now loaded: 0)
System memory in use before: 108.3 MB.
System memory in use after: 108.4 MB.

Unloading 4 unused Assets to reduce memory usage. Loaded Objects now: 1833.
Total: 2.534100 ms (FindLiveObjects: 0.216500 ms CreateObjectMapping: 0.058900 ms MarkObjects: 2.238000 ms  DeleteObjects: 0.019400 ms)

========================================================================
Received Prepare
Registering precompiled user dll's ...
Registered in 0.000691 seconds.
Begin MonoManager ReloadAssembly
Native extension for WindowsStandalone target not found
Refreshing native plugins compatible for Editor in 0.43 ms, found 0 plugins.
Preloading 0 native plugins for Editor in 0.00 ms.
Invoked RoslynAnalysisRunner static constructor.
RoslynAnalysisRunner will not be running.
RoslynAnalysisRunner has terminated.
Mono: successfully reloaded assembly
- Completed reload, in  1.410 seconds
Platform modules already initialized, skipping
Refreshing native plugins compatible for Editor in 0.45 ms, found 0 plugins.
Preloading 0 native plugins for Editor in 0.00 ms.
Unloading 1230 Unused Serialized files (Serialized files now loaded: 0)
System memory in use before: 108.3 MB.
System memory in use after: 108.4 MB.

Unloading 4 unused Assets to reduce memory usage. Loaded Objects now: 1836.
Total: 2.289900 ms (FindLiveObjects: 0.243600 ms CreateObjectMapping: 0.051700 ms MarkObjects: 1.940400 ms  DeleteObjects: 0.031200 ms)

========================================================================
Received Prepare
Registering precompiled user dll's ...
Registered in 0.000759 seconds.
Begin MonoManager ReloadAssembly
Native extension for WindowsStandalone target not found
Refreshing native plugins compatible for Editor in 0.82 ms, found 0 plugins.
Preloading 0 native plugins for Editor in 0.00 ms.
Invoked RoslynAnalysisRunner static constructor.
RoslynAnalysisRunner will not be running.
RoslynAnalysisRunner has terminated.
Mono: successfully reloaded assembly
- Completed reload, in  1.426 seconds
Platform modules already initialized, skipping
Refreshing native plugins compatible for Editor in 0.55 ms, found 0 plugins.
Preloading 0 native plugins for Editor in 0.00 ms.
Unloading 1230 Unused Serialized files (Serialized files now loaded: 0)
System memory in use before: 108.3 MB.
System memory in use after: 108.4 MB.

Unloading 4 unused Assets to reduce memory usage. Loaded Objects now: 1839.
Total: 2.825400 ms (FindLiveObjects: 0.199500 ms CreateObjectMapping: 0.056800 ms MarkObjects: 2.499200 ms  DeleteObjects: 0.066000 ms)

========================================================================
Received Prepare
Registering precompiled user dll's ...
Registered in 0.000841 seconds.
Begin MonoManager ReloadAssembly
Native extension for WindowsStandalone target not found
Refreshing native plugins compatible for Editor in 0.37 ms, found 0 plugins.
Preloading 0 native plugins for Editor in 0.00 ms.
Invoked RoslynAnalysisRunner static constructor.
RoslynAnalysisRunner will not be running.
RoslynAnalysisRunner has terminated.
Mono: successfully reloaded assembly
- Completed reload, in  0.918 seconds
Platform modules already initialized, skipping
Refreshing native plugins compatible for Editor in 0.37 ms, found 0 plugins.
Preloading 0 native plugins for Editor in 0.00 ms.
Unloading 1230 Unused Serialized files (Serialized files now loaded: 0)
System memory in use before: 108.3 MB.
System memory in use after: 108.4 MB.

Unloading 4 unused Assets to reduce memory usage. Loaded Objects now: 1842.
Total: 2.087000 ms (FindLiveObjects: 0.281400 ms CreateObjectMapping: 0.091500 ms MarkObjects: 1.672000 ms  DeleteObjects: 0.040300 ms)

========================================================================
Received Import Request.
  Time since last request: 1681.309035 seconds.
  path: Assets/Dog - Tatra Sheepdog/Model/tatrasheepdog_sv_rm_mx.fbx
  artifactKey: Guid(0805d4ca1886fe94eafa4d99caa72da1) Importer(815301076,1909f56bfc062723c751e8b465ee728b)
Start importing Assets/Dog - Tatra Sheepdog/Model/tatrasheepdog_sv_rm_mx.fbx using Guid(0805d4ca1886fe94eafa4d99caa72da1) Importer(815301076,1909f56bfc062723c751e8b465ee728b)  -> (artifact id: 'ee632eb17f23ef25154b03dc667b5f51') in 8.517610 seconds
  Import took 8.557359 seconds .

========================================================================
Received Import Request.
  Time since last request: 0.073808 seconds.
  path: Assets/Dog - Tatra Sheepdog/Model/tatrasheepdog_sv_rm_mx.fbx
  artifactKey: Guid(0805d4ca1886fe94eafa4d99caa72da1) Importer(815301076,1909f56bfc062723c751e8b465ee728b)
Start importing Assets/Dog - Tatra Sheepdog/Model/tatrasheepdog_sv_rm_mx.fbx using Guid(0805d4ca1886fe94eafa4d99caa72da1) Importer(815301076,1909f56bfc062723c751e8b465ee728b)  -> (artifact id: 'ee632eb17f23ef25154b03dc667b5f51') in 0.867629 seconds
  Import took 0.875732 seconds .

========================================================================
Received Prepare
Registering precompiled user dll's ...
Registered in 0.000885 seconds.
Begin MonoManager ReloadAssembly
Native extension for WindowsStandalone target not found
Refreshing native plugins compatible for Editor in 0.35 ms, found 0 plugins.
Preloading 0 native plugins for Editor in 0.00 ms.
Invoked RoslynAnalysisRunner static constructor.
RoslynAnalysisRunner will not be running.
RoslynAnalysisRunner has terminated.
Mono: successfully reloaded assembly
- Completed reload, in  1.159 seconds
Platform modules already initialized, skipping
Refreshing native plugins compatible for Editor in 0.40 ms, found 0 plugins.
Preloading 0 native plugins for Editor in 0.00 ms.
Unloading 1230 Unused Serialized files (Serialized files now loaded: 0)
System memory in use before: 108.4 MB.
System memory in use after: 108.5 MB.

Unloading 5 unused Assets to reduce memory usage. Loaded Objects now: 1846.
Total: 2.016800 ms (FindLiveObjects: 0.181200 ms CreateObjectMapping: 0.043900 ms MarkObjects: 1.773200 ms  DeleteObjects: 0.017200 ms)

========================================================================
Received Prepare
Registering precompiled user dll's ...
Registered in 0.000799 seconds.
Begin MonoManager ReloadAssembly
Native extension for WindowsStandalone target not found
Refreshing native plugins compatible for Editor in 0.41 ms, found 0 plugins.
Preloading 0 native plugins for Editor in 0.00 ms.
Invoked RoslynAnalysisRunner static constructor.
RoslynAnalysisRunner will not be running.
RoslynAnalysisRunner has terminated.
Mono: successfully reloaded assembly
- Completed reload, in  0.933 seconds
Platform modules already initialized, skipping
Refreshing native plugins compatible for Editor in 0.35 ms, found 0 plugins.
Preloading 0 native plugins for Editor in 0.00 ms.
Unloading 1230 Unused Serialized files (Serialized files now loaded: 0)
System memory in use before: 108.4 MB.
System memory in use after: 108.5 MB.

Unloading 4 unused Assets to reduce memory usage. Loaded Objects now: 1849.
Total: 2.121300 ms (FindLiveObjects: 0.211500 ms CreateObjectMapping: 0.057200 ms MarkObjects: 1.816200 ms  DeleteObjects: 0.035100 ms)

========================================================================
Received Prepare
Registering precompiled user dll's ...
Registered in 0.000769 seconds.
Begin MonoManager ReloadAssembly
Native extension for WindowsStandalone target not found
Refreshing native plugins compatible for Editor in 0.34 ms, found 0 plugins.
Preloading 0 native plugins for Editor in 0.00 ms.
Invoked RoslynAnalysisRunner static constructor.
RoslynAnalysisRunner will not be running.
RoslynAnalysisRunner has terminated.
Mono: successfully reloaded assembly
- Completed reload, in  1.015 seconds
Platform modules already initialized, skipping
Refreshing native plugins compatible for Editor in 0.47 ms, found 0 plugins.
Preloading 0 native plugins for Editor in 0.00 ms.
Unloading 1230 Unused Serialized files (Serialized files now loaded: 0)
System memory in use before: 108.4 MB.
System memory in use after: 108.5 MB.

Unloading 4 unused Assets to reduce memory usage. Loaded Objects now: 1852.
Total: 2.017100 ms (FindLiveObjects: 0.221300 ms CreateObjectMapping: 0.064200 ms MarkObjects: 1.713700 ms  DeleteObjects: 0.016400 ms)

========================================================================
Received Prepare
Registering precompiled user dll's ...
Registered in 0.000793 seconds.
Begin MonoManager ReloadAssembly
Native extension for WindowsStandalone target not found
Refreshing native plugins compatible for Editor in 0.42 ms, found 0 plugins.
Preloading 0 native plugins for Editor in 0.00 ms.
Invoked RoslynAnalysisRunner static constructor.
RoslynAnalysisRunner will not be running.
RoslynAnalysisRunner has terminated.
Mono: successfully reloaded assembly
- Completed reload, in  0.999 seconds
Platform modules already initialized, skipping
Refreshing native plugins compatible for Editor in 0.36 ms, found 0 plugins.
Preloading 0 native plugins for Editor in 0.00 ms.
Unloading 1230 Unused Serialized files (Serialized files now loaded: 0)
System memory in use before: 108.4 MB.
System memory in use after: 108.5 MB.

Unloading 4 unused Assets to reduce memory usage. Loaded Objects now: 1855.
Total: 2.212300 ms (FindLiveObjects: 0.271600 ms CreateObjectMapping: 0.061500 ms MarkObjects: 1.824700 ms  DeleteObjects: 0.052000 ms)

========================================================================
Received Prepare
Registering precompiled user dll's ...
Registered in 0.000832 seconds.
Begin MonoManager ReloadAssembly
Native extension for WindowsStandalone target not found
Refreshing native plugins compatible for Editor in 0.35 ms, found 0 plugins.
Preloading 0 native plugins for Editor in 0.00 ms.
Invoked RoslynAnalysisRunner static constructor.
RoslynAnalysisRunner will not be running.
RoslynAnalysisRunner has terminated.
Mono: successfully reloaded assembly
- Completed reload, in  0.805 seconds
Platform modules already initialized, skipping
Refreshing native plugins compatible for Editor in 0.35 ms, found 0 plugins.
Preloading 0 native plugins for Editor in 0.00 ms.
Unloading 1230 Unused Serialized files (Serialized files now loaded: 0)
System memory in use before: 108.4 MB.
System memory in use after: 108.5 MB.

Unloading 4 unused Assets to reduce memory usage. Loaded Objects now: 1858.
Total: 1.953900 ms (FindLiveObjects: 0.204000 ms CreateObjectMapping: 0.053300 ms MarkObjects: 1.680300 ms  DeleteObjects: 0.015000 ms)

========================================================================
Received Import Request.
  Time since last request: 443.534265 seconds.
  path: Assets/Script
  artifactKey: Guid(fe5c457f8a35f9349bbfed7c0289a5e0) Importer(815301076,1909f56bfc062723c751e8b465ee728b)
Start importing Assets/Script using Guid(fe5c457f8a35f9349bbfed7c0289a5e0) Importer(815301076,1909f56bfc062723c751e8b465ee728b)  -> (artifact id: '6a3cfa029c1d71f8d034bb10cb657f05') in 0.123912 seconds
  Import took 0.126439 seconds .

========================================================================
Received Import Request.
  Time since last request: 0.782454 seconds.
  path: Assets/Script/Health.cs
  artifactKey: Guid(87bfdf0272578554badd31a321193801) Importer(815301076,1909f56bfc062723c751e8b465ee728b)
Start importing Assets/Script/Health.cs using Guid(87bfdf0272578554badd31a321193801) Importer(815301076,1909f56bfc062723c751e8b465ee728b)  -> (artifact id: '29188336e9f7edd29ad6e0962e62ca92') in 0.006986 seconds
  Import took 0.009793 seconds .

========================================================================
Received Import Request.
  Time since last request: 0.042394 seconds.
  path: Assets/Script/Health.cs
  artifactKey: Guid(87bfdf0272578554badd31a321193801) Importer(815301076,1909f56bfc062723c751e8b465ee728b)
Start importing Assets/Script/Health.cs using Guid(87bfdf0272578554badd31a321193801) Importer(815301076,1909f56bfc062723c751e8b465ee728b)  -> (artifact id: '29188336e9f7edd29ad6e0962e62ca92') in 0.002075 seconds
  Import took 0.004397 seconds .

========================================================================
Received Prepare
Registering precompiled user dll's ...
Registered in 0.000960 seconds.
Begin MonoManager ReloadAssembly
Native extension for WindowsStandalone target not found
Refreshing native plugins compatible for Editor in 0.39 ms, found 0 plugins.
Preloading 0 native plugins for Editor in 0.00 ms.
Invoked RoslynAnalysisRunner static constructor.
RoslynAnalysisRunner will not be running.
RoslynAnalysisRunner has terminated.
Mono: successfully reloaded assembly
- Completed reload, in  1.099 seconds
Platform modules already initialized, skipping
Refreshing native plugins compatible for Editor in 0.40 ms, found 0 plugins.
Preloading 0 native plugins for Editor in 0.00 ms.
Unloading 1230 Unused Serialized files (Serialized files now loaded: 0)
System memory in use before: 108.4 MB.
System memory in use after: 108.5 MB.

Unloading 4 unused Assets to reduce memory usage. Loaded Objects now: 1861.
Total: 2.096600 ms (FindLiveObjects: 0.157000 ms CreateObjectMapping: 0.043100 ms MarkObjects: 1.879000 ms  DeleteObjects: 0.016100 ms)

========================================================================
Received Prepare
Registering precompiled user dll's ...
Registered in 0.000777 seconds.
Begin MonoManager ReloadAssembly
Native extension for WindowsStandalone target not found
Refreshing native plugins compatible for Editor in 0.35 ms, found 0 plugins.
Preloading 0 native plugins for Editor in 0.00 ms.
Invoked RoslynAnalysisRunner static constructor.
RoslynAnalysisRunner will not be running.
RoslynAnalysisRunner has terminated.
Mono: successfully reloaded assembly
- Completed reload, in  1.282 seconds
Platform modules already initialized, skipping
Refreshing native plugins compatible for Editor in 0.36 ms, found 0 plugins.
Preloading 0 native plugins for Editor in 0.00 ms.
Unloading 1230 Unused Serialized files (Serialized files now loaded: 0)
System memory in use before: 108.4 MB.
System memory in use after: 108.5 MB.

Unloading 4 unused Assets to reduce memory usage. Loaded Objects now: 1864.
Total: 1.953300 ms (FindLiveObjects: 0.198000 ms CreateObjectMapping: 0.044400 ms MarkObjects: 1.696100 ms  DeleteObjects: 0.013700 ms)

========================================================================
Received Prepare
Registering precompiled user dll's ...
Registered in 0.001621 seconds.
Begin MonoManager ReloadAssembly
Native extension for WindowsStandalone target not found
Refreshing native plugins compatible for Editor in 0.36 ms, found 0 plugins.
Preloading 0 native plugins for Editor in 0.00 ms.
Invoked RoslynAnalysisRunner static constructor.
RoslynAnalysisRunner will not be running.
RoslynAnalysisRunner has terminated.
Mono: successfully reloaded assembly
- Completed reload, in  2.164 seconds
Platform modules already initialized, skipping
Refreshing native plugins compatible for Editor in 0.39 ms, found 0 plugins.
Preloading 0 native plugins for Editor in 0.00 ms.
Unloading 1230 Unused Serialized files (Serialized files now loaded: 0)
System memory in use before: 108.4 MB.
System memory in use after: 108.5 MB.

Unloading 4 unused Assets to reduce memory usage. Loaded Objects now: 1867.
Total: 2.191100 ms (FindLiveObjects: 0.289200 ms CreateObjectMapping: 0.081000 ms MarkObjects: 1.800600 ms  DeleteObjects: 0.018600 ms)

========================================================================
Received Prepare
Registering precompiled user dll's ...
Registered in 0.001497 seconds.
Begin MonoManager ReloadAssembly
Native extension for WindowsStandalone target not found
Refreshing native plugins compatible for Editor in 0.60 ms, found 0 plugins.
Preloading 0 native plugins for Editor in 0.00 ms.
Invoked RoslynAnalysisRunner static constructor.
RoslynAnalysisRunner will not be running.
RoslynAnalysisRunner has terminated.
Mono: successfully reloaded assembly
- Completed reload, in  2.405 seconds
Platform modules already initialized, skipping
Refreshing native plugins compatible for Editor in 0.74 ms, found 0 plugins.
Preloading 0 native plugins for Editor in 0.00 ms.
Unloading 1230 Unused Serialized files (Serialized files now loaded: 0)
System memory in use before: 108.4 MB.
System memory in use after: 108.5 MB.

Unloading 4 unused Assets to reduce memory usage. Loaded Objects now: 1870.
Total: 3.654000 ms (FindLiveObjects: 0.621400 ms CreateObjectMapping: 0.103600 ms MarkObjects: 2.892600 ms  DeleteObjects: 0.033000 ms)

========================================================================
Received Import Request.
  Time since last request: 807.141871 seconds.
  path: Assets/Dog - Tatra Sheepdog/DogController.controller
  artifactKey: Guid(d6e74bff3931b5a439c813b13c123b9d) Importer(815301076,1909f56bfc062723c751e8b465ee728b)
Start importing Assets/Dog - Tatra Sheepdog/DogController.controller using Guid(d6e74bff3931b5a439c813b13c123b9d) Importer(815301076,1909f56bfc062723c751e8b465ee728b)  -> (artifact id: '3dfe17e765aa26373fdbb7f00f088ab4') in 0.369592 seconds
  Import took 0.372970 seconds .

========================================================================
Received Prepare
Registering precompiled user dll's ...
Registered in 0.000752 seconds.
Begin MonoManager ReloadAssembly
Native extension for WindowsStandalone target not found
Refreshing native plugins compatible for Editor in 0.66 ms, found 0 plugins.
Preloading 0 native plugins for Editor in 0.00 ms.
Invoked RoslynAnalysisRunner static constructor.
RoslynAnalysisRunner will not be running.
RoslynAnalysisRunner has terminated.
Mono: successfully reloaded assembly
- Completed reload, in  1.990 seconds
Platform modules already initialized, skipping
Refreshing native plugins compatible for Editor in 0.38 ms, found 0 plugins.
Preloading 0 native plugins for Editor in 0.00 ms.
Unloading 1230 Unused Serialized files (Serialized files now loaded: 0)
System memory in use before: 108.4 MB.
System memory in use after: 108.5 MB.

Unloading 4 unused Assets to reduce memory usage. Loaded Objects now: 1873.
Total: 2.035400 ms (FindLiveObjects: 0.485700 ms CreateObjectMapping: 0.054500 ms MarkObjects: 1.480600 ms  DeleteObjects: 0.013500 ms)

========================================================================
Received Prepare
Registering precompiled user dll's ...
Registered in 0.000684 seconds.
Begin MonoManager ReloadAssembly
Native extension for WindowsStandalone target not found
Refreshing native plugins compatible for Editor in 0.44 ms, found 0 plugins.
Preloading 0 native plugins for Editor in 0.00 ms.
Invoked RoslynAnalysisRunner static constructor.
RoslynAnalysisRunner will not be running.
RoslynAnalysisRunner has terminated.
Mono: successfully reloaded assembly
- Completed reload, in  1.207 seconds
Platform modules already initialized, skipping
Refreshing native plugins compatible for Editor in 0.67 ms, found 0 plugins.
Preloading 0 native plugins for Editor in 0.00 ms.
Unloading 1230 Unused Serialized files (Serialized files now loaded: 0)
System memory in use before: 108.4 MB.
System memory in use after: 108.5 MB.

Unloading 4 unused Assets to reduce memory usage. Loaded Objects now: 1876.
Total: 4.482900 ms (FindLiveObjects: 0.312700 ms CreateObjectMapping: 0.095600 ms MarkObjects: 4.031400 ms  DeleteObjects: 0.039700 ms)

========================================================================
Received Prepare
Registering precompiled user dll's ...
Registered in 0.000776 seconds.
Begin MonoManager ReloadAssembly
Native extension for WindowsStandalone target not found
Refreshing native plugins compatible for Editor in 0.38 ms, found 0 plugins.
Preloading 0 native plugins for Editor in 0.00 ms.
Invoked RoslynAnalysisRunner static constructor.
RoslynAnalysisRunner will not be running.
RoslynAnalysisRunner has terminated.
Mono: successfully reloaded assembly
- Completed reload, in  2.265 seconds
Platform modules already initialized, skipping
Refreshing native plugins compatible for Editor in 0.38 ms, found 0 plugins.
Preloading 0 native plugins for Editor in 0.00 ms.
Unloading 1230 Unused Serialized files (Serialized files now loaded: 0)
System memory in use before: 108.4 MB.
System memory in use after: 108.5 MB.

Unloading 4 unused Assets to reduce memory usage. Loaded Objects now: 1879.
Total: 24.997000 ms (FindLiveObjects: 0.218900 ms CreateObjectMapping: 0.044000 ms MarkObjects: 24.689300 ms  DeleteObjects: 0.042600 ms)

========================================================================
Received Prepare
Registering precompiled user dll's ...
Registered in 0.001478 seconds.
Begin MonoManager ReloadAssembly
Native extension for WindowsStandalone target not found
Refreshing native plugins compatible for Editor in 0.56 ms, found 0 plugins.
Preloading 0 native plugins for Editor in 0.00 ms.
Invoked RoslynAnalysisRunner static constructor.
RoslynAnalysisRunner will not be running.
RoslynAnalysisRunner has terminated.
Mono: successfully reloaded assembly
- Completed reload, in  1.635 seconds
Platform modules already initialized, skipping
Refreshing native plugins compatible for Editor in 0.37 ms, found 0 plugins.
Preloading 0 native plugins for Editor in 0.00 ms.
Unloading 1230 Unused Serialized files (Serialized files now loaded: 0)
System memory in use before: 108.4 MB.
System memory in use after: 108.5 MB.

Unloading 4 unused Assets to reduce memory usage. Loaded Objects now: 1882.
Total: 2.158000 ms (FindLiveObjects: 0.190100 ms CreateObjectMapping: 0.047200 ms MarkObjects: 1.903700 ms  DeleteObjects: 0.015700 ms)

========================================================================
Received Import Request.
  Time since last request: 659.348990 seconds.
  path: Assets/Dog - Tatra Sheepdog/Model/tatrasheepdog_sv_rm_mx.fbx
  artifactKey: Guid(0805d4ca1886fe94eafa4d99caa72da1) Importer(815301076,1909f56bfc062723c751e8b465ee728b)
Start importing Assets/Dog - Tatra Sheepdog/Model/tatrasheepdog_sv_rm_mx.fbx using Guid(0805d4ca1886fe94eafa4d99caa72da1) Importer(815301076,1909f56bfc062723c751e8b465ee728b)  -> (artifact id: '2fdc089c0349317cd4945899f19f007d') in 6.978624 seconds
  Import took 6.984509 seconds .

========================================================================
Received Prepare
Registering precompiled user dll's ...
Registered in 0.000713 seconds.
Begin MonoManager ReloadAssembly
Native extension for WindowsStandalone target not found
Refreshing native plugins compatible for Editor in 0.35 ms, found 0 plugins.
Preloading 0 native plugins for Editor in 0.00 ms.
Invoked RoslynAnalysisRunner static constructor.
RoslynAnalysisRunner will not be running.
RoslynAnalysisRunner has terminated.
Mono: successfully reloaded assembly
- Completed reload, in  1.180 seconds
Platform modules already initialized, skipping
Refreshing native plugins compatible for Editor in 0.37 ms, found 0 plugins.
Preloading 0 native plugins for Editor in 0.00 ms.
Unloading 1230 Unused Serialized files (Serialized files now loaded: 0)
System memory in use before: 108.4 MB.
System memory in use after: 108.5 MB.

Unloading 5 unused Assets to reduce memory usage. Loaded Objects now: 1886.
Total: 2.112000 ms (FindLiveObjects: 0.266200 ms CreateObjectMapping: 0.050900 ms MarkObjects: 1.769300 ms  DeleteObjects: 0.023500 ms)

========================================================================
Received Prepare
Registering precompiled user dll's ...
Registered in 0.000822 seconds.
Begin MonoManager ReloadAssembly
Native extension for WindowsStandalone target not found
Refreshing native plugins compatible for Editor in 0.82 ms, found 0 plugins.
Preloading 0 native plugins for Editor in 0.00 ms.
Invoked RoslynAnalysisRunner static constructor.
RoslynAnalysisRunner will not be running.
RoslynAnalysisRunner has terminated.
Mono: successfully reloaded assembly
- Completed reload, in  2.700 seconds
Platform modules already initialized, skipping
Refreshing native plugins compatible for Editor in 0.88 ms, found 0 plugins.
Preloading 0 native plugins for Editor in 0.00 ms.
Unloading 1230 Unused Serialized files (Serialized files now loaded: 0)
System memory in use before: 108.4 MB.
System memory in use after: 108.5 MB.

Unloading 4 unused Assets to reduce memory usage. Loaded Objects now: 1889.
Total: 5.157900 ms (FindLiveObjects: 0.342600 ms CreateObjectMapping: 0.098500 ms MarkObjects: 4.671400 ms  DeleteObjects: 0.041500 ms)

========================================================================
Received Prepare
Registering precompiled user dll's ...
Registered in 0.000823 seconds.
Begin MonoManager ReloadAssembly
Native extension for WindowsStandalone target not found
Refreshing native plugins compatible for Editor in 1.05 ms, found 0 plugins.
Preloading 0 native plugins for Editor in 0.00 ms.
Invoked RoslynAnalysisRunner static constructor.
RoslynAnalysisRunner will not be running.
RoslynAnalysisRunner has terminated.
Mono: successfully reloaded assembly
- Completed reload, in  3.104 seconds
Platform modules already initialized, skipping
Refreshing native plugins compatible for Editor in 0.61 ms, found 0 plugins.
Preloading 0 native plugins for Editor in 0.00 ms.
Unloading 1230 Unused Serialized files (Serialized files now loaded: 0)
System memory in use before: 108.4 MB.
System memory in use after: 108.5 MB.

Unloading 4 unused Assets to reduce memory usage. Loaded Objects now: 1892.
Total: 3.730800 ms (FindLiveObjects: 0.333900 ms CreateObjectMapping: 0.202100 ms MarkObjects: 3.160900 ms  DeleteObjects: 0.030500 ms)

========================================================================
Received Prepare
Registering precompiled user dll's ...
Registered in 0.000755 seconds.
Begin MonoManager ReloadAssembly
Native extension for WindowsStandalone target not found
Refreshing native plugins compatible for Editor in 0.34 ms, found 0 plugins.
Preloading 0 native plugins for Editor in 0.00 ms.
Invoked RoslynAnalysisRunner static constructor.
RoslynAnalysisRunner will not be running.
RoslynAnalysisRunner has terminated.
Mono: successfully reloaded assembly
- Completed reload, in  2.012 seconds
Platform modules already initialized, skipping
Refreshing native plugins compatible for Editor in 0.36 ms, found 0 plugins.
Preloading 0 native plugins for Editor in 0.00 ms.
Unloading 1230 Unused Serialized files (Serialized files now loaded: 0)
System memory in use before: 108.4 MB.
System memory in use after: 108.5 MB.

Unloading 4 unused Assets to reduce memory usage. Loaded Objects now: 1895.
Total: 2.074100 ms (FindLiveObjects: 0.227700 ms CreateObjectMapping: 0.048600 ms MarkObjects: 1.781300 ms  DeleteObjects: 0.015200 ms)

========================================================================
Received Prepare
Registering precompiled user dll's ...
Registered in 0.000776 seconds.
Begin MonoManager ReloadAssembly
Native extension for WindowsStandalone target not found
Refreshing native plugins compatible for Editor in 0.61 ms, found 0 plugins.
Preloading 0 native plugins for Editor in 0.00 ms.
Invoked RoslynAnalysisRunner static constructor.
RoslynAnalysisRunner will not be running.
RoslynAnalysisRunner has terminated.
Mono: successfully reloaded assembly
- Completed reload, in  1.608 seconds
Platform modules already initialized, skipping
Refreshing native plugins compatible for Editor in 0.37 ms, found 0 plugins.
Preloading 0 native plugins for Editor in 0.00 ms.
Unloading 1230 Unused Serialized files (Serialized files now loaded: 0)
System memory in use before: 108.5 MB.
System memory in use after: 108.5 MB.

Unloading 4 unused Assets to reduce memory usage. Loaded Objects now: 1898.
Total: 2.011600 ms (FindLiveObjects: 0.229100 ms CreateObjectMapping: 0.054300 ms MarkObjects: 1.712600 ms  DeleteObjects: 0.014400 ms)

========================================================================
Received Prepare
Registering precompiled user dll's ...
Registered in 0.001489 seconds.
Begin MonoManager ReloadAssembly
Native extension for WindowsStandalone target not found
Refreshing native plugins compatible for Editor in 0.76 ms, found 0 plugins.
Preloading 0 native plugins for Editor in 0.00 ms.
Invoked RoslynAnalysisRunner static constructor.
RoslynAnalysisRunner will not be running.
RoslynAnalysisRunner has terminated.
Mono: successfully reloaded assembly
- Completed reload, in  3.317 seconds
Platform modules already initialized, skipping
Refreshing native plugins compatible for Editor in 0.64 ms, found 0 plugins.
Preloading 0 native plugins for Editor in 0.00 ms.
Unloading 1230 Unused Serialized files (Serialized files now loaded: 0)
System memory in use before: 108.5 MB.
System memory in use after: 108.6 MB.

Unloading 4 unused Assets to reduce memory usage. Loaded Objects now: 1901.
Total: 3.602600 ms (FindLiveObjects: 0.331100 ms CreateObjectMapping: 0.119300 ms MarkObjects: 3.117400 ms  DeleteObjects: 0.031100 ms)

========================================================================
Received Prepare
Registering precompiled user dll's ...
Registered in 0.001131 seconds.
Begin MonoManager ReloadAssembly
Native extension for WindowsStandalone target not found
Refreshing native plugins compatible for Editor in 0.33 ms, found 0 plugins.
Preloading 0 native plugins for Editor in 0.00 ms.
Invoked RoslynAnalysisRunner static constructor.
RoslynAnalysisRunner will not be running.
RoslynAnalysisRunner has terminated.
Mono: successfully reloaded assembly
- Completed reload, in  1.495 seconds
Platform modules already initialized, skipping
Refreshing native plugins compatible for Editor in 0.35 ms, found 0 plugins.
Preloading 0 native plugins for Editor in 0.00 ms.
Unloading 1230 Unused Serialized files (Serialized files now loaded: 0)
System memory in use before: 108.5 MB.
System memory in use after: 108.6 MB.

Unloading 4 unused Assets to reduce memory usage. Loaded Objects now: 1904.
Total: 2.431300 ms (FindLiveObjects: 0.299900 ms CreateObjectMapping: 0.106000 ms MarkObjects: 2.007000 ms  DeleteObjects: 0.016900 ms)

========================================================================
Received Prepare
Registering precompiled user dll's ...
Registered in 0.001464 seconds.
Begin MonoManager ReloadAssembly
Native extension for WindowsStandalone target not found
Refreshing native plugins compatible for Editor in 0.86 ms, found 0 plugins.
Preloading 0 native plugins for Editor in 0.00 ms.
Invoked RoslynAnalysisRunner static constructor.
RoslynAnalysisRunner will not be running.
RoslynAnalysisRunner has terminated.
Mono: successfully reloaded assembly
- Completed reload, in  2.422 seconds
Platform modules already initialized, skipping
Refreshing native plugins compatible for Editor in 0.71 ms, found 0 plugins.
Preloading 0 native plugins for Editor in 0.00 ms.
Unloading 1230 Unused Serialized files (Serialized files now loaded: 0)
System memory in use before: 108.5 MB.
System memory in use after: 108.6 MB.

Unloading 4 unused Assets to reduce memory usage. Loaded Objects now: 1907.
Total: 3.730100 ms (FindLiveObjects: 0.314500 ms CreateObjectMapping: 0.167200 ms MarkObjects: 3.215700 ms  DeleteObjects: 0.029700 ms)

========================================================================
Received Prepare
Registering precompiled user dll's ...
Registered in 0.000727 seconds.
Begin MonoManager ReloadAssembly
Native extension for WindowsStandalone target not found
Refreshing native plugins compatible for Editor in 0.42 ms, found 0 plugins.
Preloading 0 native plugins for Editor in 0.00 ms.
Invoked RoslynAnalysisRunner static constructor.
RoslynAnalysisRunner will not be running.
RoslynAnalysisRunner has terminated.
Mono: successfully reloaded assembly
- Completed reload, in  2.442 seconds
Platform modules already initialized, skipping
Refreshing native plugins compatible for Editor in 0.37 ms, found 0 plugins.
Preloading 0 native plugins for Editor in 0.00 ms.
Unloading 1230 Unused Serialized files (Serialized files now loaded: 0)
System memory in use before: 108.5 MB.
System memory in use after: 108.6 MB.

Unloading 4 unused Assets to reduce memory usage. Loaded Objects now: 1910.
Total: 2.285000 ms (FindLiveObjects: 0.280800 ms CreateObjectMapping: 0.075800 ms MarkObjects: 1.908300 ms  DeleteObjects: 0.017300 ms)

========================================================================
Received Prepare
Registering precompiled user dll's ...
Registered in 0.000907 seconds.
Begin MonoManager ReloadAssembly
Native extension for WindowsStandalone target not found
Refreshing native plugins compatible for Editor in 0.35 ms, found 0 plugins.
Preloading 0 native plugins for Editor in 0.00 ms.
Invoked RoslynAnalysisRunner static constructor.
RoslynAnalysisRunner will not be running.
RoslynAnalysisRunner has terminated.
Mono: successfully reloaded assembly
- Completed reload, in  2.340 seconds
Platform modules already initialized, skipping
Refreshing native plugins compatible for Editor in 0.36 ms, found 0 plugins.
Preloading 0 native plugins for Editor in 0.00 ms.
Unloading 1230 Unused Serialized files (Serialized files now loaded: 0)
System memory in use before: 108.5 MB.
System memory in use after: 108.6 MB.

Unloading 4 unused Assets to reduce memory usage. Loaded Objects now: 1913.
Total: 1.800100 ms (FindLiveObjects: 0.214500 ms CreateObjectMapping: 0.071700 ms MarkObjects: 1.497400 ms  DeleteObjects: 0.015200 ms)

========================================================================
Received Prepare
Registering precompiled user dll's ...
Registered in 0.000861 seconds.
Begin MonoManager ReloadAssembly
Native extension for WindowsStandalone target not found
Refreshing native plugins compatible for Editor in 0.37 ms, found 0 plugins.
Preloading 0 native plugins for Editor in 0.00 ms.
Invoked RoslynAnalysisRunner static constructor.
RoslynAnalysisRunner will not be running.
RoslynAnalysisRunner has terminated.
Mono: successfully reloaded assembly
- Completed reload, in  1.063 seconds
Platform modules already initialized, skipping
Refreshing native plugins compatible for Editor in 0.49 ms, found 0 plugins.
Preloading 0 native plugins for Editor in 0.00 ms.
Unloading 1230 Unused Serialized files (Serialized files now loaded: 0)
System memory in use before: 108.5 MB.
System memory in use after: 108.6 MB.

Unloading 4 unused Assets to reduce memory usage. Loaded Objects now: 1916.
Total: 2.330800 ms (FindLiveObjects: 0.317700 ms CreateObjectMapping: 0.099200 ms MarkObjects: 1.881400 ms  DeleteObjects: 0.030500 ms)

========================================================================
Received Prepare
Registering precompiled user dll's ...
Registered in 0.000734 seconds.
Begin MonoManager ReloadAssembly
Native extension for WindowsStandalone target not found
Refreshing native plugins compatible for Editor in 0.45 ms, found 0 plugins.
Preloading 0 native plugins for Editor in 0.00 ms.
Invoked RoslynAnalysisRunner static constructor.
RoslynAnalysisRunner will not be running.
RoslynAnalysisRunner has terminated.
Mono: successfully reloaded assembly
- Completed reload, in  1.682 seconds
Platform modules already initialized, skipping
Refreshing native plugins compatible for Editor in 0.46 ms, found 0 plugins.
Preloading 0 native plugins for Editor in 0.00 ms.
Unloading 1230 Unused Serialized files (Serialized files now loaded: 0)
System memory in use before: 108.5 MB.
System memory in use after: 108.6 MB.

Unloading 4 unused Assets to reduce memory usage. Loaded Objects now: 1919.
Total: 2.352500 ms (FindLiveObjects: 0.263300 ms CreateObjectMapping: 0.100900 ms MarkObjects: 1.950600 ms  DeleteObjects: 0.036300 ms)

========================================================================
Received Prepare
Registering precompiled user dll's ...
Registered in 0.001515 seconds.
Begin MonoManager ReloadAssembly
Native extension for WindowsStandalone target not found
Refreshing native plugins compatible for Editor in 0.65 ms, found 0 plugins.
Preloading 0 native plugins for Editor in 0.00 ms.
Invoked RoslynAnalysisRunner static constructor.
RoslynAnalysisRunner will not be running.
RoslynAnalysisRunner has terminated.
Mono: successfully reloaded assembly
- Completed reload, in  2.253 seconds
Platform modules already initialized, skipping
Refreshing native plugins compatible for Editor in 0.68 ms, found 0 plugins.
Preloading 0 native plugins for Editor in 0.00 ms.
Unloading 1230 Unused Serialized files (Serialized files now loaded: 0)
System memory in use before: 108.5 MB.
System memory in use after: 108.6 MB.

Unloading 4 unused Assets to reduce memory usage. Loaded Objects now: 1922.
Total: 5.300000 ms (FindLiveObjects: 0.507000 ms CreateObjectMapping: 0.179700 ms MarkObjects: 4.578800 ms  DeleteObjects: 0.030600 ms)

========================================================================
Received Prepare
Registering precompiled user dll's ...
Registered in 0.001193 seconds.
Begin MonoManager ReloadAssembly
Native extension for WindowsStandalone target not found
Refreshing native plugins compatible for Editor in 0.37 ms, found 0 plugins.
Preloading 0 native plugins for Editor in 0.00 ms.
Invoked RoslynAnalysisRunner static constructor.
RoslynAnalysisRunner will not be running.
RoslynAnalysisRunner has terminated.
Mono: successfully reloaded assembly
- Completed reload, in  1.376 seconds
Platform modules already initialized, skipping
Refreshing native plugins compatible for Editor in 0.36 ms, found 0 plugins.
Preloading 0 native plugins for Editor in 0.00 ms.
Unloading 1230 Unused Serialized files (Serialized files now loaded: 0)
System memory in use before: 108.5 MB.
System memory in use after: 108.6 MB.

Unloading 4 unused Assets to reduce memory usage. Loaded Objects now: 1925.
Total: 2.309600 ms (FindLiveObjects: 0.344100 ms CreateObjectMapping: 0.077900 ms MarkObjects: 1.854500 ms  DeleteObjects: 0.031000 ms)

========================================================================
Received Prepare
Registering precompiled user dll's ...
Registered in 0.001465 seconds.
Begin MonoManager ReloadAssembly
Native extension for WindowsStandalone target not found
Refreshing native plugins compatible for Editor in 0.61 ms, found 0 plugins.
Preloading 0 native plugins for Editor in 0.00 ms.
Invoked RoslynAnalysisRunner static constructor.
RoslynAnalysisRunner will not be running.
RoslynAnalysisRunner has terminated.
Mono: successfully reloaded assembly
- Completed reload, in  1.940 seconds
Platform modules already initialized, skipping
Refreshing native plugins compatible for Editor in 0.83 ms, found 0 plugins.
Preloading 0 native plugins for Editor in 0.00 ms.
Unloading 1230 Unused Serialized files (Serialized files now loaded: 0)
System memory in use before: 108.5 MB.
System memory in use after: 108.6 MB.

Unloading 4 unused Assets to reduce memory usage. Loaded Objects now: 1928.
Total: 3.553700 ms (FindLiveObjects: 0.425700 ms CreateObjectMapping: 0.112000 ms MarkObjects: 2.982800 ms  DeleteObjects: 0.030800 ms)

========================================================================
Received Prepare
Registering precompiled user dll's ...
Registered in 0.000797 seconds.
Begin MonoManager ReloadAssembly
Native extension for WindowsStandalone target not found
Refreshing native plugins compatible for Editor in 0.66 ms, found 0 plugins.
Preloading 0 native plugins for Editor in 0.00 ms.
Invoked RoslynAnalysisRunner static constructor.
RoslynAnalysisRunner will not be running.
RoslynAnalysisRunner has terminated.
Mono: successfully reloaded assembly
- Completed reload, in  1.693 seconds
Platform modules already initialized, skipping
Refreshing native plugins compatible for Editor in 0.42 ms, found 0 plugins.
Preloading 0 native plugins for Editor in 0.00 ms.
Unloading 1230 Unused Serialized files (Serialized files now loaded: 0)
System memory in use before: 108.5 MB.
System memory in use after: 108.6 MB.

Unloading 4 unused Assets to reduce memory usage. Loaded Objects now: 1931.
Total: 2.633100 ms (FindLiveObjects: 0.231700 ms CreateObjectMapping: 0.120700 ms MarkObjects: 2.243100 ms  DeleteObjects: 0.035300 ms)

========================================================================
Received Prepare
Registering precompiled user dll's ...
Registered in 0.000724 seconds.
Begin MonoManager ReloadAssembly
Native extension for WindowsStandalone target not found
Refreshing native plugins compatible for Editor in 0.74 ms, found 0 plugins.
Preloading 0 native plugins for Editor in 0.00 ms.
Invoked RoslynAnalysisRunner static constructor.
RoslynAnalysisRunner will not be running.
RoslynAnalysisRunner has terminated.
Mono: successfully reloaded assembly
- Completed reload, in  0.866 seconds
Platform modules already initialized, skipping
Refreshing native plugins compatible for Editor in 0.35 ms, found 0 plugins.
Preloading 0 native plugins for Editor in 0.00 ms.
Unloading 1230 Unused Serialized files (Serialized files now loaded: 0)
System memory in use before: 108.5 MB.
System memory in use after: 108.6 MB.

Unloading 4 unused Assets to reduce memory usage. Loaded Objects now: 1934.
Total: 2.252600 ms (FindLiveObjects: 0.291400 ms CreateObjectMapping: 0.071700 ms MarkObjects: 1.824000 ms  DeleteObjects: 0.063300 ms)

========================================================================
Received Prepare
Registering precompiled user dll's ...
Registered in 0.001110 seconds.
Begin MonoManager ReloadAssembly
Native extension for WindowsStandalone target not found
Refreshing native plugins compatible for Editor in 0.45 ms, found 0 plugins.
Preloading 0 native plugins for Editor in 0.00 ms.
Invoked RoslynAnalysisRunner static constructor.
RoslynAnalysisRunner will not be running.
RoslynAnalysisRunner has terminated.
Mono: successfully reloaded assembly
- Completed reload, in  1.340 seconds
Platform modules already initialized, skipping
Refreshing native plugins compatible for Editor in 0.36 ms, found 0 plugins.
Preloading 0 native plugins for Editor in 0.00 ms.
Unloading 1230 Unused Serialized files (Serialized files now loaded: 0)
System memory in use before: 108.5 MB.
System memory in use after: 108.6 MB.

Unloading 4 unused Assets to reduce memory usage. Loaded Objects now: 1937.
Total: 1.975400 ms (FindLiveObjects: 0.190300 ms CreateObjectMapping: 0.057800 ms MarkObjects: 1.709500 ms  DeleteObjects: 0.016100 ms)

========================================================================
Received Prepare
Registering precompiled user dll's ...
Registered in 0.000734 seconds.
Begin MonoManager ReloadAssembly
Native extension for WindowsStandalone target not found
Refreshing native plugins compatible for Editor in 0.56 ms, found 0 plugins.
Preloading 0 native plugins for Editor in 0.00 ms.
Invoked RoslynAnalysisRunner static constructor.
RoslynAnalysisRunner will not be running.
RoslynAnalysisRunner has terminated.
Mono: successfully reloaded assembly
- Completed reload, in  0.784 seconds
Platform modules already initialized, skipping
Refreshing native plugins compatible for Editor in 0.37 ms, found 0 plugins.
Preloading 0 native plugins for Editor in 0.00 ms.
Unloading 1230 Unused Serialized files (Serialized files now loaded: 0)
System memory in use before: 108.5 MB.
System memory in use after: 108.6 MB.

Unloading 4 unused Assets to reduce memory usage. Loaded Objects now: 1940.
Total: 2.784000 ms (FindLiveObjects: 0.308700 ms CreateObjectMapping: 0.122000 ms MarkObjects: 2.323700 ms  DeleteObjects: 0.027800 ms)

========================================================================
Received Prepare
Registering precompiled user dll's ...
Registered in 0.001136 seconds.
Begin MonoManager ReloadAssembly
Native extension for WindowsStandalone target not found
Refreshing native plugins compatible for Editor in 0.37 ms, found 0 plugins.
Preloading 0 native plugins for Editor in 0.00 ms.
Invoked RoslynAnalysisRunner static constructor.
RoslynAnalysisRunner will not be running.
RoslynAnalysisRunner has terminated.
Mono: successfully reloaded assembly
- Completed reload, in  1.164 seconds
Platform modules already initialized, skipping
Refreshing native plugins compatible for Editor in 0.36 ms, found 0 plugins.
Preloading 0 native plugins for Editor in 0.00 ms.
Unloading 1230 Unused Serialized files (Serialized files now loaded: 0)
System memory in use before: 108.5 MB.
System memory in use after: 108.6 MB.

Unloading 4 unused Assets to reduce memory usage. Loaded Objects now: 1943.
Total: 1.916800 ms (FindLiveObjects: 0.272500 ms CreateObjectMapping: 0.042400 ms MarkObjects: 1.565500 ms  DeleteObjects: 0.035600 ms)

========================================================================
Received Prepare
Registering precompiled user dll's ...
Registered in 0.000819 seconds.
Begin MonoManager ReloadAssembly
Native extension for WindowsStandalone target not found
Refreshing native plugins compatible for Editor in 0.44 ms, found 0 plugins.
Preloading 0 native plugins for Editor in 0.00 ms.
Invoked RoslynAnalysisRunner static constructor.
RoslynAnalysisRunner will not be running.
RoslynAnalysisRunner has terminated.
Mono: successfully reloaded assembly
- Completed reload, in  0.851 seconds
Platform modules already initialized, skipping
Refreshing native plugins compatible for Editor in 0.38 ms, found 0 plugins.
Preloading 0 native plugins for Editor in 0.00 ms.
Unloading 1230 Unused Serialized files (Serialized files now loaded: 0)
System memory in use before: 108.5 MB.
System memory in use after: 108.6 MB.

Unloading 4 unused Assets to reduce memory usage. Loaded Objects now: 1946.
Total: 2.288700 ms (FindLiveObjects: 0.248800 ms CreateObjectMapping: 0.064100 ms MarkObjects: 1.940500 ms  DeleteObjects: 0.033300 ms)

========================================================================
Received Prepare
Registering precompiled user dll's ...
Registered in 0.000833 seconds.
Begin MonoManager ReloadAssembly
Native extension for WindowsStandalone target not found
Refreshing native plugins compatible for Editor in 0.35 ms, found 0 plugins.
Preloading 0 native plugins for Editor in 0.00 ms.
Invoked RoslynAnalysisRunner static constructor.
RoslynAnalysisRunner will not be running.
RoslynAnalysisRunner has terminated.
Mono: successfully reloaded assembly
- Completed reload, in  1.022 seconds
Platform modules already initialized, skipping
Refreshing native plugins compatible for Editor in 0.37 ms, found 0 plugins.
Preloading 0 native plugins for Editor in 0.00 ms.
Unloading 1230 Unused Serialized files (Serialized files now loaded: 0)
System memory in use before: 108.5 MB.
System memory in use after: 108.6 MB.

Unloading 4 unused Assets to reduce memory usage. Loaded Objects now: 1949.
Total: 2.121300 ms (FindLiveObjects: 0.187200 ms CreateObjectMapping: 0.083500 ms MarkObjects: 1.807800 ms  DeleteObjects: 0.040400 ms)

========================================================================
Received Prepare
Registering precompiled user dll's ...
Registered in 0.000831 seconds.
Begin MonoManager ReloadAssembly
Native extension for WindowsStandalone target not found
Refreshing native plugins compatible for Editor in 0.42 ms, found 0 plugins.
Preloading 0 native plugins for Editor in 0.00 ms.
Invoked RoslynAnalysisRunner static constructor.
RoslynAnalysisRunner will not be running.
RoslynAnalysisRunner has terminated.
Mono: successfully reloaded assembly
- Completed reload, in  0.790 seconds
Platform modules already initialized, skipping
Refreshing native plugins compatible for Editor in 0.37 ms, found 0 plugins.
Preloading 0 native plugins for Editor in 0.00 ms.
Unloading 1230 Unused Serialized files (Serialized files now loaded: 0)
System memory in use before: 108.5 MB.
System memory in use after: 108.6 MB.

Unloading 4 unused Assets to reduce memory usage. Loaded Objects now: 1952.
Total: 2.755800 ms (FindLiveObjects: 0.390500 ms CreateObjectMapping: 0.221500 ms MarkObjects: 2.122500 ms  DeleteObjects: 0.019800 ms)

========================================================================
Received Prepare
Registering precompiled user dll's ...
Registered in 0.005232 seconds.
Begin MonoManager ReloadAssembly
Native extension for WindowsStandalone target not found
Refreshing native plugins compatible for Editor in 0.74 ms, found 0 plugins.
Preloading 0 native plugins for Editor in 0.00 ms.
Invoked RoslynAnalysisRunner static constructor.
RoslynAnalysisRunner will not be running.
RoslynAnalysisRunner has terminated.
Mono: successfully reloaded assembly
- Completed reload, in  1.997 seconds
Platform modules already initialized, skipping
Refreshing native plugins compatible for Editor in 0.67 ms, found 0 plugins.
Preloading 0 native plugins for Editor in 0.00 ms.
Unloading 1230 Unused Serialized files (Serialized files now loaded: 0)
System memory in use before: 108.5 MB.
System memory in use after: 108.7 MB.

Unloading 4 unused Assets to reduce memory usage. Loaded Objects now: 1955.
Total: 3.759500 ms (FindLiveObjects: 0.289100 ms CreateObjectMapping: 0.084300 ms MarkObjects: 3.353100 ms  DeleteObjects: 0.028600 ms)

========================================================================
Received Import Request.
  Time since last request: 3153.987980 seconds.
  path: Assets/Scenes
  artifactKey: Guid(e4e27694d7f9a3f44ba1effbf6668724) Importer(815301076,1909f56bfc062723c751e8b465ee728b)
Start importing Assets/Scenes using Guid(e4e27694d7f9a3f44ba1effbf6668724) Importer(815301076,1909f56bfc062723c751e8b465ee728b)  -> (artifact id: '93780799d3f0c2e12899f90f91108ef4') in 0.195964 seconds
  Import took 0.249660 seconds .

========================================================================
Received Import Request.
  Time since last request: 3.684449 seconds.
  path: Assets/Scenes/MAinMenu.unity
  artifactKey: Guid(9fc0d4010bbf28b4594072e72b8655ab) Importer(815301076,1909f56bfc062723c751e8b465ee728b)
Start importing Assets/Scenes/MAinMenu.unity using Guid(9fc0d4010bbf28b4594072e72b8655ab) Importer(815301076,1909f56bfc062723c751e8b465ee728b)  -> (artifact id: 'f877ed5725887a8f8459c8dcc512b5cc') in 0.230388 seconds
  Import took 0.235735 seconds .

========================================================================
Received Import Request.
  Time since last request: 218.541939 seconds.
  path: Assets/Scenes/acrophobia.unity
  artifactKey: Guid(f2d3ba358854c6940ad66a1fb2fb4e1e) Importer(815301076,1909f56bfc062723c751e8b465ee728b)
Start importing Assets/Scenes/acrophobia.unity using Guid(f2d3ba358854c6940ad66a1fb2fb4e1e) Importer(815301076,1909f56bfc062723c751e8b465ee728b)  -> (artifact id: '4faebac13f827386c58220a6c6f4db9b') in 0.017003 seconds
  Import took 0.022609 seconds .

========================================================================
Received Import Request.
  Time since last request: 0.023060 seconds.
  path: Assets/Scenes/acrophobia.unity
  artifactKey: Guid(f2d3ba358854c6940ad66a1fb2fb4e1e) Importer(815301076,1909f56bfc062723c751e8b465ee728b)
Start importing Assets/Scenes/acrophobia.unity using Guid(f2d3ba358854c6940ad66a1fb2fb4e1e) Importer(815301076,1909f56bfc062723c751e8b465ee728b)  -> (artifact id: '4faebac13f827386c58220a6c6f4db9b') in 0.005071 seconds
  Import took 0.009431 seconds .

========================================================================
Received Import Request.
  Time since last request: 4.012558 seconds.
  path: Assets/Scenes/cinophobia.unity
  artifactKey: Guid(3ccedbb5619d2cb49a36849372b488de) Importer(815301076,1909f56bfc062723c751e8b465ee728b)
Start importing Assets/Scenes/cinophobia.unity using Guid(3ccedbb5619d2cb49a36849372b488de) Importer(815301076,1909f56bfc062723c751e8b465ee728b)  -> (artifact id: '7200ce44f2560c190f5a87f38b35044f') in 0.017979 seconds
  Import took 0.024635 seconds .

========================================================================
Received Import Request.
  Time since last request: 433.000790 seconds.
  path: Assets/Scenes/claustrophiba.unity
  artifactKey: Guid(7cb5f837eedf5f348becbff337259094) Importer(815301076,1909f56bfc062723c751e8b465ee728b)
Start importing Assets/Scenes/claustrophiba.unity using Guid(7cb5f837eedf5f348becbff337259094) Importer(815301076,1909f56bfc062723c751e8b465ee728b)  -> (artifact id: 'f611f0ab9a3f33ede77022b6810be5bf') in 0.044818 seconds
  Import took 0.051731 seconds .

========================================================================
Received Prepare
Registering precompiled user dll's ...
Registered in 0.001726 seconds.
Begin MonoManager ReloadAssembly
Native extension for WindowsStandalone target not found
Refreshing native plugins compatible for Editor in 0.94 ms, found 0 plugins.
Preloading 0 native plugins for Editor in 0.00 ms.
Invoked RoslynAnalysisRunner static constructor.
RoslynAnalysisRunner will not be running.
RoslynAnalysisRunner has terminated.
Mono: successfully reloaded assembly
- Completed reload, in  3.011 seconds
Platform modules already initialized, skipping
Refreshing native plugins compatible for Editor in 0.67 ms, found 0 plugins.
Preloading 0 native plugins for Editor in 0.00 ms.
Unloading 1230 Unused Serialized files (Serialized files now loaded: 0)
System memory in use before: 108.6 MB.
System memory in use after: 108.7 MB.

Unloading 4 unused Assets to reduce memory usage. Loaded Objects now: 1958.
Total: 9.423000 ms (FindLiveObjects: 0.348800 ms CreateObjectMapping: 0.085000 ms MarkObjects: 8.922000 ms  DeleteObjects: 0.064200 ms)

========================================================================
Received Prepare
Registering precompiled user dll's ...
Registered in 0.001801 seconds.
Begin MonoManager ReloadAssembly
Native extension for WindowsStandalone target not found
Refreshing native plugins compatible for Editor in 0.60 ms, found 0 plugins.
Preloading 0 native plugins for Editor in 0.00 ms.
Invoked RoslynAnalysisRunner static constructor.
RoslynAnalysisRunner will not be running.
RoslynAnalysisRunner has terminated.
Mono: successfully reloaded assembly
- Completed reload, in  1.836 seconds
Platform modules already initialized, skipping
Refreshing native plugins compatible for Editor in 0.62 ms, found 0 plugins.
Preloading 0 native plugins for Editor in 0.00 ms.
Unloading 1230 Unused Serialized files (Serialized files now loaded: 0)
System memory in use before: 108.6 MB.
System memory in use after: 108.7 MB.

Unloading 4 unused Assets to reduce memory usage. Loaded Objects now: 1961.
Total: 3.613500 ms (FindLiveObjects: 0.332800 ms CreateObjectMapping: 0.083700 ms MarkObjects: 3.164900 ms  DeleteObjects: 0.029400 ms)

========================================================================
Received Import Request.
  Time since last request: 868.601484 seconds.
  path: Assets/Scenes/QuesionScene.unity
  artifactKey: Guid(89132a85571e3084a9d8534f40a8ce07) Importer(815301076,1909f56bfc062723c751e8b465ee728b)
Start importing Assets/Scenes/QuesionScene.unity using Guid(89132a85571e3084a9d8534f40a8ce07) Importer(815301076,1909f56bfc062723c751e8b465ee728b)  -> (artifact id: '4a77c938c4405a03133f6263bf50c91b') in 0.093784 seconds
  Import took 0.100084 seconds .

========================================================================
Received Import Request.
  Time since last request: 149.240672 seconds.
  path: Assets/Scenes/MAinMenu.unity
  artifactKey: Guid(9fc0d4010bbf28b4594072e72b8655ab) Importer(815301076,1909f56bfc062723c751e8b465ee728b)
Start importing Assets/Scenes/MAinMenu.unity using Guid(9fc0d4010bbf28b4594072e72b8655ab) Importer(815301076,1909f56bfc062723c751e8b465ee728b)  -> (artifact id: '2358fa7b7b92730e6204df0afa6c967d') in 0.008706 seconds
  Import took 0.015953 seconds .

========================================================================
Received Import Request.
  Time since last request: 47.405351 seconds.
  path: Assets/Scenes/cinophobia.unity
  artifactKey: Guid(3ccedbb5619d2cb49a36849372b488de) Importer(815301076,1909f56bfc062723c751e8b465ee728b)
Start importing Assets/Scenes/cinophobia.unity using Guid(3ccedbb5619d2cb49a36849372b488de) Importer(815301076,1909f56bfc062723c751e8b465ee728b)  -> (artifact id: '15474198bbec6f10b45eb4138003056c') in 0.030606 seconds
  Import took 0.037088 seconds .

========================================================================
Received Prepare
Registering precompiled user dll's ...
Registered in 0.001528 seconds.
Begin MonoManager ReloadAssembly
Native extension for WindowsStandalone target not found
Refreshing native plugins compatible for Editor in 0.62 ms, found 0 plugins.
Preloading 0 native plugins for Editor in 0.00 ms.
Invoked RoslynAnalysisRunner static constructor.
RoslynAnalysisRunner will not be running.
RoslynAnalysisRunner has terminated.
Mono: successfully reloaded assembly
- Completed reload, in  2.177 seconds
Platform modules already initialized, skipping
Refreshing native plugins compatible for Editor in 0.60 ms, found 0 plugins.
Preloading 0 native plugins for Editor in 0.00 ms.
Unloading 1230 Unused Serialized files (Serialized files now loaded: 0)
System memory in use before: 108.6 MB.
System memory in use after: 108.7 MB.

Unloading 4 unused Assets to reduce memory usage. Loaded Objects now: 1964.
Total: 3.423200 ms (FindLiveObjects: 0.304600 ms CreateObjectMapping: 0.086800 ms MarkObjects: 2.999400 ms  DeleteObjects: 0.029500 ms)

========================================================================
Received Import Request.
  Time since last request: 752.354090 seconds.
  path: Assets/Kneel (1).fbx
  artifactKey: Guid(4232a20175f28d342b1a186fc2152b1a) Importer(815301076,1909f56bfc062723c751e8b465ee728b)
Start importing Assets/Kneel (1).fbx using Guid(4232a20175f28d342b1a186fc2152b1a) Importer(815301076,1909f56bfc062723c751e8b465ee728b)  -> (artifact id: 'ce170f177f68d3e120ba779cb987d8b4') in 12.936472 seconds
  Import took 12.947805 seconds .

========================================================================
Received Import Request.
  Time since last request: 48.675692 seconds.
  path: Assets/cynophobia/dog.png
  artifactKey: Guid(c909fb82ac5e43c4ab4c7325bd1cef94) Importer(815301076,1909f56bfc062723c751e8b465ee728b)
Start importing Assets/cynophobia/dog.png using Guid(c909fb82ac5e43c4ab4c7325bd1cef94) Importer(815301076,1909f56bfc062723c751e8b465ee728b)  -> (artifact id: '5e4f8911ee055810523a72b21ffaa1a7') in 3.372605 seconds
  Import took 3.377978 seconds .

========================================================================
Received Import Request.
  Time since last request: 0.400420 seconds.
  path: Assets/cynophobia/water.png
  artifactKey: Guid(03d5a9b1a84507c46ae9e26308c32bdc) Importer(815301076,1909f56bfc062723c751e8b465ee728b)
Start importing Assets/cynophobia/water.png using Guid(03d5a9b1a84507c46ae9e26308c32bdc) Importer(815301076,1909f56bfc062723c751e8b465ee728b)  -> (artifact id: '67d735d5bcba595a47814ad9f1c73305') in 0.153289 seconds
  Import took 0.157820 seconds .

========================================================================
Received Import Request.
  Time since last request: 0.498491 seconds.
  path: Assets/cynophobia/dog.png
  artifactKey: Guid(c909fb82ac5e43c4ab4c7325bd1cef94) Importer(815301076,1909f56bfc062723c751e8b465ee728b)
Start importing Assets/cynophobia/dog.png using Guid(c909fb82ac5e43c4ab4c7325bd1cef94) Importer(815301076,1909f56bfc062723c751e8b465ee728b)  -> (artifact id: '5e4f8911ee055810523a72b21ffaa1a7') in 0.033547 seconds
  Import took 0.039541 seconds .

========================================================================
Received Import Request.
  Time since last request: 143.882874 seconds.
  path: Assets/cynophobia/Kneel (1).fbx
  artifactKey: Guid(4232a20175f28d342b1a186fc2152b1a) Importer(815301076,1909f56bfc062723c751e8b465ee728b)
Start importing Assets/cynophobia/Kneel (1).fbx using Guid(4232a20175f28d342b1a186fc2152b1a) Importer(815301076,1909f56bfc062723c751e8b465ee728b)  -> (artifact id: '765c10846127163303623bf9dc0125f6') in 0.932860 seconds
  Import took 0.942860 seconds .

========================================================================
Received Import Request.
  Time since last request: 47.025804 seconds.
  path: Assets/cynophobia/Kneel (1).fbx
  artifactKey: Guid(4232a20175f28d342b1a186fc2152b1a) Importer(815301076,1909f56bfc062723c751e8b465ee728b)
Start importing Assets/cynophobia/Kneel (1).fbx using Guid(4232a20175f28d342b1a186fc2152b1a) Importer(815301076,1909f56bfc062723c751e8b465ee728b)  -> (artifact id: 'be7bbe92208a4a3df5fbf7c65eabb8df') in 2.794906 seconds
  Import took 2.814953 seconds .

========================================================================
Received Prepare
Registering precompiled user dll's ...
Registered in 0.025514 seconds.
Begin MonoManager ReloadAssembly
Native extension for WindowsStandalone target not found
Refreshing native plugins compatible for Editor in 0.73 ms, found 0 plugins.
Preloading 0 native plugins for Editor in 0.00 ms.
Invoked RoslynAnalysisRunner static constructor.
RoslynAnalysisRunner will not be running.
RoslynAnalysisRunner has terminated.
Mono: successfully reloaded assembly
- Completed reload, in 14.949 seconds
Platform modules already initialized, skipping
Refreshing native plugins compatible for Editor in 0.79 ms, found 0 plugins.
Preloading 0 native plugins for Editor in 0.00 ms.
Unloading 1230 Unused Serialized files (Serialized files now loaded: 0)
System memory in use before: 108.9 MB.
System memory in use after: 109.0 MB.

Unloading 4 unused Assets to reduce memory usage. Loaded Objects now: 2005.
Total: 50.388500 ms (FindLiveObjects: 0.526000 ms CreateObjectMapping: 0.100500 ms MarkObjects: 49.717000 ms  DeleteObjects: 0.042100 ms)

========================================================================
Received Import Request.
  Time since last request: 486.477226 seconds.
  path: Assets/cynophobia/Walking.fbx
  artifactKey: Guid(a26e70c329879e34398fc318dfed8842) Importer(815301076,1909f56bfc062723c751e8b465ee728b)
Start importing Assets/cynophobia/Walking.fbx using Guid(a26e70c329879e34398fc318dfed8842) Importer(815301076,1909f56bfc062723c751e8b465ee728b)  -> (artifact id: '026dded85aae91b2a2fe93eb1244e14b') in 4.924232 seconds
  Import took 4.929710 seconds .

AssetImportWorkerClient::OnTransportError - code=2 error=End of file
