Using pre-set license
Built from '2020.3/staging' branch; Version is '2020.3.0f1 (c7b5465681fb) revision 13088070'; Using compiler version '192528614'; Build Type 'Release'
OS: 'Windows 10 Home Single Language; OS build 19041.928; Version 2004; 64bit' Language: 'tr' Physical Memory: 8078 MB
BatchMode: 1, IsHumanControllingUs: 0, StartBugReporterOnCrash: 0, Is64bit: 1, IsPro: 0

 COMMAND LINE ARGUMENTS:
C:\Program Files\Unity\Hub\Editor\2020.3.0f1\Editor\Unity.exe
-adb2
-batchMode
-noUpm
-name
AssetImportWorker0
-projectPath
C:/Users/vahde/Desktop/DefeatFearYour/DefeatYourFear
-logFile
Logs/AssetImportWorker0.log
-srvPort
56349
Successfully changed project path to: C:/Users/vahde/Desktop/DefeatFearYour/DefeatYourFear
C:/Users/vahde/Desktop/DefeatFearYour/DefeatYourFear
Using Asset Import Pipeline V2.
Refreshing native plugins compatible for Editor in 85.65 ms, found 0 plugins.
Preloading 0 native plugins for Editor in 0.00 ms.
Initialize engine version: 2020.3.0f1 (c7b5465681fb)
[Subsystems] Discovering subsystems at path C:/Program Files/Unity/Hub/Editor/2020.3.0f1/Editor/Data/Resources/UnitySubsystems
[Subsystems] Discovering subsystems at path C:/Users/vahde/Desktop/DefeatFearYour/DefeatYourFear/Assets
GfxDevice: creating device client; threaded=0
Direct3D:
    Version:  Direct3D 11.0 [level 11.0]
    Renderer: NVIDIA GeForce MX110 (ID=0x174e)
    Vendor:   
    VRAM:     2010 MB
    Driver:   27.21.14.6172
Initialize mono
Mono path[0] = 'C:/Program Files/Unity/Hub/Editor/2020.3.0f1/Editor/Data/Managed'
Mono path[1] = 'C:/Program Files/Unity/Hub/Editor/2020.3.0f1/Editor/Data/MonoBleedingEdge/lib/mono/unityjit'
Mono config path = 'C:/Program Files/Unity/Hub/Editor/2020.3.0f1/Editor/Data/MonoBleedingEdge/etc'
Using monoOptions --debugger-agent=transport=dt_socket,embedding=1,server=y,suspend=n,address=127.0.0.1:56316
Begin MonoManager ReloadAssembly
Registering precompiled unity dll's ...
Register platform support module: C:/Program Files/Unity/Hub/Editor/2020.3.0f1/Editor/Data/PlaybackEngines/WindowsStandaloneSupport/UnityEditor.WindowsStandalone.Extensions.dll
Registered in 0.003925 seconds.
Native extension for WindowsStandalone target not found
Refreshing native plugins compatible for Editor in 81.26 ms, found 0 plugins.
Preloading 0 native plugins for Editor in 0.00 ms.
Invoked RoslynAnalysisRunner static constructor.
RoslynAnalysisRunner will not be running.
RoslynAnalysisRunner has terminated.
Mono: successfully reloaded assembly
- Completed reload, in  2.209 seconds
Platform modules already initialized, skipping
Registering precompiled user dll's ...
Registered in 0.001443 seconds.
Begin MonoManager ReloadAssembly
Native extension for WindowsStandalone target not found
Refreshing native plugins compatible for Editor in 2.80 ms, found 0 plugins.
Preloading 0 native plugins for Editor in 0.00 ms.
Invoked RoslynAnalysisRunner static constructor.
RoslynAnalysisRunner will not be running.
RoslynAnalysisRunner has terminated.
Mono: successfully reloaded assembly
- Completed reload, in  5.363 seconds
Platform modules already initialized, skipping
========================================================================
Worker process is ready to serve import requests
Launched and connected shader compiler UnityShaderCompiler.exe after 1.03 seconds
Refreshing native plugins compatible for Editor in 0.83 ms, found 0 plugins.
Preloading 0 native plugins for Editor in 0.00 ms.
Unloading 1266 Unused Serialized files (Serialized files now loaded: 0)
System memory in use before: 93.7 MB.
System memory in use after: 93.7 MB.

Unloading 8 unused Assets to reduce memory usage. Loaded Objects now: 1758.
Total: 3.947700 ms (FindLiveObjects: 0.386700 ms CreateObjectMapping: 0.162100 ms MarkObjects: 3.319200 ms  DeleteObjects: 0.074800 ms)

========================================================================
Received Import Request.
  path: Assets/Scenes/cinophobia.unity
  artifactKey: Guid(3ccedbb5619d2cb49a36849372b488de) Importer(815301076,1909f56bfc062723c751e8b465ee728b)
Start importing Assets/Scenes/cinophobia.unity using Guid(3ccedbb5619d2cb49a36849372b488de) Importer(815301076,1909f56bfc062723c751e8b465ee728b)  -> (artifact id: '8f51a2010d2124ba86a88000cf4e8a45') in 0.090191 seconds
  Import took 0.097111 seconds .

========================================================================
Received Import Request.
  Time since last request: 81.152619 seconds.
  path: Assets/Scenes/cinophobia.unity
  artifactKey: Guid(3ccedbb5619d2cb49a36849372b488de) Importer(815301076,1909f56bfc062723c751e8b465ee728b)
Start importing Assets/Scenes/cinophobia.unity using Guid(3ccedbb5619d2cb49a36849372b488de) Importer(815301076,1909f56bfc062723c751e8b465ee728b)  -> (artifact id: '98c31570b107fd9ac0bdf8da2fc80284') in 0.005254 seconds
  Import took 0.012601 seconds .

========================================================================
Received Prepare
Registering precompiled user dll's ...
Registered in 0.001501 seconds.
Begin MonoManager ReloadAssembly
Native extension for WindowsStandalone target not found
Refreshing native plugins compatible for Editor in 0.82 ms, found 0 plugins.
Preloading 0 native plugins for Editor in 0.00 ms.
Invoked RoslynAnalysisRunner static constructor.
RoslynAnalysisRunner will not be running.
RoslynAnalysisRunner has terminated.
Mono: successfully reloaded assembly
- Completed reload, in  1.729 seconds
Platform modules already initialized, skipping
Refreshing native plugins compatible for Editor in 0.64 ms, found 0 plugins.
Preloading 0 native plugins for Editor in 0.00 ms.
Unloading 1227 Unused Serialized files (Serialized files now loaded: 0)
System memory in use before: 91.0 MB.
System memory in use after: 91.1 MB.

Unloading 4 unused Assets to reduce memory usage. Loaded Objects now: 1761.
Total: 3.241500 ms (FindLiveObjects: 0.308800 ms CreateObjectMapping: 0.084200 ms MarkObjects: 2.806300 ms  DeleteObjects: 0.039500 ms)

========================================================================
Received Prepare
Registering precompiled user dll's ...
Registered in 0.153886 seconds.
Begin MonoManager ReloadAssembly
Native extension for WindowsStandalone target not found
Refreshing native plugins compatible for Editor in 0.61 ms, found 0 plugins.
Preloading 0 native plugins for Editor in 0.00 ms.
Invoked RoslynAnalysisRunner static constructor.
RoslynAnalysisRunner will not be running.
RoslynAnalysisRunner has terminated.
Mono: successfully reloaded assembly
- Completed reload, in  2.370 seconds
Platform modules already initialized, skipping
Refreshing native plugins compatible for Editor in 0.63 ms, found 0 plugins.
Preloading 0 native plugins for Editor in 0.00 ms.
Unloading 1227 Unused Serialized files (Serialized files now loaded: 0)
System memory in use before: 91.0 MB.
System memory in use after: 91.1 MB.

Unloading 4 unused Assets to reduce memory usage. Loaded Objects now: 1764.
Total: 6.115300 ms (FindLiveObjects: 0.437600 ms CreateObjectMapping: 0.147100 ms MarkObjects: 5.488900 ms  DeleteObjects: 0.038500 ms)

========================================================================
Received Prepare
Registering precompiled user dll's ...
Registered in 0.001613 seconds.
Begin MonoManager ReloadAssembly
Native extension for WindowsStandalone target not found
Refreshing native plugins compatible for Editor in 0.59 ms, found 0 plugins.
Preloading 0 native plugins for Editor in 0.00 ms.
Invoked RoslynAnalysisRunner static constructor.
RoslynAnalysisRunner will not be running.
RoslynAnalysisRunner has terminated.
Mono: successfully reloaded assembly
- Completed reload, in  2.240 seconds
Platform modules already initialized, skipping
Refreshing native plugins compatible for Editor in 1.54 ms, found 0 plugins.
Preloading 0 native plugins for Editor in 0.00 ms.
Unloading 1227 Unused Serialized files (Serialized files now loaded: 0)
System memory in use before: 91.1 MB.
System memory in use after: 91.2 MB.

Unloading 4 unused Assets to reduce memory usage. Loaded Objects now: 1767.
Total: 7.301300 ms (FindLiveObjects: 0.738000 ms CreateObjectMapping: 0.261100 ms MarkObjects: 6.224200 ms  DeleteObjects: 0.062200 ms)

========================================================================
Received Prepare
Registering precompiled user dll's ...
Registered in 0.001632 seconds.
Begin MonoManager ReloadAssembly
Native extension for WindowsStandalone target not found
Refreshing native plugins compatible for Editor in 0.62 ms, found 0 plugins.
Preloading 0 native plugins for Editor in 0.00 ms.
Invoked RoslynAnalysisRunner static constructor.
RoslynAnalysisRunner will not be running.
RoslynAnalysisRunner has terminated.
Mono: successfully reloaded assembly
- Completed reload, in  1.812 seconds
Platform modules already initialized, skipping
Refreshing native plugins compatible for Editor in 0.68 ms, found 0 plugins.
Preloading 0 native plugins for Editor in 0.00 ms.
Unloading 1227 Unused Serialized files (Serialized files now loaded: 0)
System memory in use before: 91.1 MB.
System memory in use after: 91.2 MB.

Unloading 4 unused Assets to reduce memory usage. Loaded Objects now: 1770.
Total: 3.310900 ms (FindLiveObjects: 0.309700 ms CreateObjectMapping: 0.115800 ms MarkObjects: 2.852100 ms  DeleteObjects: 0.030500 ms)

========================================================================
Received Prepare
Registering precompiled user dll's ...
Registered in 0.001860 seconds.
Begin MonoManager ReloadAssembly
Native extension for WindowsStandalone target not found
Refreshing native plugins compatible for Editor in 1.02 ms, found 0 plugins.
Preloading 0 native plugins for Editor in 0.00 ms.
Invoked RoslynAnalysisRunner static constructor.
RoslynAnalysisRunner will not be running.
RoslynAnalysisRunner has terminated.
Mono: successfully reloaded assembly
- Completed reload, in  1.910 seconds
Platform modules already initialized, skipping
Refreshing native plugins compatible for Editor in 0.61 ms, found 0 plugins.
Preloading 0 native plugins for Editor in 0.00 ms.
Unloading 1227 Unused Serialized files (Serialized files now loaded: 0)
System memory in use before: 91.1 MB.
System memory in use after: 91.2 MB.

Unloading 4 unused Assets to reduce memory usage. Loaded Objects now: 1773.
Total: 5.789800 ms (FindLiveObjects: 0.518800 ms CreateObjectMapping: 0.190000 ms MarkObjects: 5.038900 ms  DeleteObjects: 0.036800 ms)

========================================================================
Received Import Request.
  Time since last request: 1474.890618 seconds.
  path: Assets/Scenes/cinophobia.unity
  artifactKey: Guid(3ccedbb5619d2cb49a36849372b488de) Importer(815301076,1909f56bfc062723c751e8b465ee728b)
Start importing Assets/Scenes/cinophobia.unity using Guid(3ccedbb5619d2cb49a36849372b488de) Importer(815301076,1909f56bfc062723c751e8b465ee728b)  -> (artifact id: '3bcaeccbf138a35b51a9e28afe36b5d4') in 0.204216 seconds
  Import took 0.208947 seconds .

========================================================================
Received Prepare
Registering precompiled user dll's ...
Registered in 0.001500 seconds.
Begin MonoManager ReloadAssembly
Native extension for WindowsStandalone target not found
Refreshing native plugins compatible for Editor in 0.65 ms, found 0 plugins.
Preloading 0 native plugins for Editor in 0.00 ms.
Invoked RoslynAnalysisRunner static constructor.
RoslynAnalysisRunner will not be running.
RoslynAnalysisRunner has terminated.
Mono: successfully reloaded assembly
- Completed reload, in  2.048 seconds
Platform modules already initialized, skipping
Refreshing native plugins compatible for Editor in 0.61 ms, found 0 plugins.
Preloading 0 native plugins for Editor in 0.00 ms.
Unloading 1227 Unused Serialized files (Serialized files now loaded: 0)
System memory in use before: 91.1 MB.
System memory in use after: 91.2 MB.

Unloading 4 unused Assets to reduce memory usage. Loaded Objects now: 1776.
Total: 3.732600 ms (FindLiveObjects: 0.478400 ms CreateObjectMapping: 0.173600 ms MarkObjects: 3.047600 ms  DeleteObjects: 0.029100 ms)

========================================================================
Received Prepare
Registering precompiled user dll's ...
Registered in 0.002299 seconds.
Begin MonoManager ReloadAssembly
Native extension for WindowsStandalone target not found
Refreshing native plugins compatible for Editor in 0.62 ms, found 0 plugins.
Preloading 0 native plugins for Editor in 0.00 ms.
Invoked RoslynAnalysisRunner static constructor.
RoslynAnalysisRunner will not be running.
RoslynAnalysisRunner has terminated.
Mono: successfully reloaded assembly
- Completed reload, in  1.858 seconds
Platform modules already initialized, skipping
Refreshing native plugins compatible for Editor in 0.64 ms, found 0 plugins.
Preloading 0 native plugins for Editor in 0.00 ms.
Unloading 1227 Unused Serialized files (Serialized files now loaded: 0)
System memory in use before: 91.1 MB.
System memory in use after: 91.2 MB.

Unloading 4 unused Assets to reduce memory usage. Loaded Objects now: 1779.
Total: 4.241900 ms (FindLiveObjects: 0.421500 ms CreateObjectMapping: 0.110000 ms MarkObjects: 3.671200 ms  DeleteObjects: 0.036000 ms)

========================================================================
Received Import Request.
  Time since last request: 1033.138914 seconds.
  path: Assets/Scenes/cinophobia.unity
  artifactKey: Guid(3ccedbb5619d2cb49a36849372b488de) Importer(815301076,1909f56bfc062723c751e8b465ee728b)
Start importing Assets/Scenes/cinophobia.unity using Guid(3ccedbb5619d2cb49a36849372b488de) Importer(815301076,1909f56bfc062723c751e8b465ee728b)  -> (artifact id: '6af6814a26933fd5c8eedabda7ced872') in 0.025977 seconds
  Import took 0.031293 seconds .

========================================================================
Received Import Request.
  Time since last request: 0.006297 seconds.
  path: Assets/Scenes/cinophobia.unity
  artifactKey: Guid(3ccedbb5619d2cb49a36849372b488de) Importer(815301076,1909f56bfc062723c751e8b465ee728b)
Start importing Assets/Scenes/cinophobia.unity using Guid(3ccedbb5619d2cb49a36849372b488de) Importer(815301076,1909f56bfc062723c751e8b465ee728b)  -> (artifact id: '6af6814a26933fd5c8eedabda7ced872') in 0.007305 seconds
  Import took 0.012844 seconds .

========================================================================
Received Prepare
Registering precompiled user dll's ...
Registered in 0.002385 seconds.
Begin MonoManager ReloadAssembly
Native extension for WindowsStandalone target not found
Refreshing native plugins compatible for Editor in 0.92 ms, found 0 plugins.
Preloading 0 native plugins for Editor in 0.00 ms.
Invoked RoslynAnalysisRunner static constructor.
RoslynAnalysisRunner will not be running.
RoslynAnalysisRunner has terminated.
Mono: successfully reloaded assembly
- Completed reload, in  2.226 seconds
Platform modules already initialized, skipping
Refreshing native plugins compatible for Editor in 0.63 ms, found 0 plugins.
Preloading 0 native plugins for Editor in 0.00 ms.
Unloading 1227 Unused Serialized files (Serialized files now loaded: 0)
System memory in use before: 91.1 MB.
System memory in use after: 91.2 MB.

Unloading 4 unused Assets to reduce memory usage. Loaded Objects now: 1782.
Total: 4.454300 ms (FindLiveObjects: 0.275300 ms CreateObjectMapping: 0.110000 ms MarkObjects: 4.029800 ms  DeleteObjects: 0.036900 ms)

========================================================================
Received Import Request.
  Time since last request: 134.954111 seconds.
  path: Assets/Scenes/acrophobia.unity
  artifactKey: Guid(f2d3ba358854c6940ad66a1fb2fb4e1e) Importer(815301076,1909f56bfc062723c751e8b465ee728b)
Start importing Assets/Scenes/acrophobia.unity using Guid(f2d3ba358854c6940ad66a1fb2fb4e1e) Importer(815301076,1909f56bfc062723c751e8b465ee728b)  -> (artifact id: '3c284ff8c89af26f8aef223a51adede3') in 0.124825 seconds
  Import took 0.200149 seconds .

========================================================================
Received Prepare
Registering precompiled user dll's ...
Registered in 0.001699 seconds.
Begin MonoManager ReloadAssembly
Native extension for WindowsStandalone target not found
Refreshing native plugins compatible for Editor in 1.05 ms, found 0 plugins.
Preloading 0 native plugins for Editor in 0.00 ms.
Invoked RoslynAnalysisRunner static constructor.
RoslynAnalysisRunner will not be running.
RoslynAnalysisRunner has terminated.
Mono: successfully reloaded assembly
- Completed reload, in  3.398 seconds
Platform modules already initialized, skipping
Refreshing native plugins compatible for Editor in 0.68 ms, found 0 plugins.
Preloading 0 native plugins for Editor in 0.00 ms.
Unloading 1227 Unused Serialized files (Serialized files now loaded: 0)
System memory in use before: 91.1 MB.
System memory in use after: 91.2 MB.

Unloading 4 unused Assets to reduce memory usage. Loaded Objects now: 1785.
Total: 22.375400 ms (FindLiveObjects: 0.381300 ms CreateObjectMapping: 0.111000 ms MarkObjects: 21.835100 ms  DeleteObjects: 0.041700 ms)

========================================================================
Received Prepare
Registering precompiled user dll's ...
Registered in 0.001787 seconds.
Begin MonoManager ReloadAssembly
Native extension for WindowsStandalone target not found
Refreshing native plugins compatible for Editor in 0.86 ms, found 0 plugins.
Preloading 0 native plugins for Editor in 0.00 ms.
Invoked RoslynAnalysisRunner static constructor.
RoslynAnalysisRunner will not be running.
RoslynAnalysisRunner has terminated.
Mono: successfully reloaded assembly
- Completed reload, in  5.083 seconds
Platform modules already initialized, skipping
Refreshing native plugins compatible for Editor in 0.61 ms, found 0 plugins.
Preloading 0 native plugins for Editor in 0.00 ms.
Unloading 1227 Unused Serialized files (Serialized files now loaded: 0)
System memory in use before: 91.1 MB.
System memory in use after: 91.2 MB.

Unloading 4 unused Assets to reduce memory usage. Loaded Objects now: 1788.
Total: 89.804200 ms (FindLiveObjects: 0.485200 ms CreateObjectMapping: 0.088600 ms MarkObjects: 89.193700 ms  DeleteObjects: 0.034000 ms)

========================================================================
Received Import Request.
  Time since last request: 6063.161000 seconds.
  path: Assets/cynophobia/FPSController Variant.prefab
  artifactKey: Guid(c98b630848b440842b388608e13d2c63) Importer(815301076,1909f56bfc062723c751e8b465ee728b)
Start importing Assets/cynophobia/FPSController Variant.prefab using Guid(c98b630848b440842b388608e13d2c63) Importer(815301076,1909f56bfc062723c751e8b465ee728b)  -> (artifact id: '2f1d163307d47934d94b1eaf88e9580e') in 26.134013 seconds
  Import took 26.854540 seconds .

========================================================================
Received Prepare
Registering precompiled user dll's ...
Registered in 0.001727 seconds.
Begin MonoManager ReloadAssembly
Native extension for WindowsStandalone target not found
Refreshing native plugins compatible for Editor in 0.68 ms, found 0 plugins.
Preloading 0 native plugins for Editor in 0.00 ms.
Invoked RoslynAnalysisRunner static constructor.
RoslynAnalysisRunner will not be running.
RoslynAnalysisRunner has terminated.
Mono: successfully reloaded assembly
- Completed reload, in  6.188 seconds
Platform modules already initialized, skipping
Refreshing native plugins compatible for Editor in 0.78 ms, found 0 plugins.
Preloading 0 native plugins for Editor in 0.00 ms.
Unloading 1227 Unused Serialized files (Serialized files now loaded: 0)
System memory in use before: 108.3 MB.
System memory in use after: 108.4 MB.

Unloading 4 unused Assets to reduce memory usage. Loaded Objects now: 1799.
Total: 3.292100 ms (FindLiveObjects: 0.325400 ms CreateObjectMapping: 0.093400 ms MarkObjects: 2.808700 ms  DeleteObjects: 0.061500 ms)

AssetImportWorkerClient::OnTransportError - code=2 error=End of file
