Using pre-set license
Built from '2020.3/staging' branch; Version is '2020.3.0f1 (c7b5465681fb) revision 13088070'; Using compiler version '192528614'; Build Type 'Release'
OS: 'Windows 10 Home Single Language; OS build 19041.867; Version 2004; 64bit' Language: 'tr' Physical Memory: 8078 MB
BatchMode: 1, IsHumanControllingUs: 0, StartBugReporterOnCrash: 0, Is64bit: 1, IsPro: 0

 COMMAND LINE ARGUMENTS:
C:\Program Files\Unity\Hub\Editor\2020.3.0f1\Editor\Unity.exe
-adb2
-batchMode
-noUpm
-name
AssetImportWorker0
-projectPath
C:/Users/vahde/Desktop/DefeatYourFear
-logFile
Logs/AssetImportWorker0.log
-srvPort
64194
Successfully changed project path to: C:/Users/vahde/Desktop/DefeatYourFear
C:/Users/vahde/Desktop/DefeatYourFear
Using Asset Import Pipeline V2.
Refreshing native plugins compatible for Editor in 46.19 ms, found 0 plugins.
Preloading 0 native plugins for Editor in 0.00 ms.
Initialize engine version: 2020.3.0f1 (c7b5465681fb)
[Subsystems] Discovering subsystems at path C:/Program Files/Unity/Hub/Editor/2020.3.0f1/Editor/Data/Resources/UnitySubsystems
[Subsystems] Discovering subsystems at path C:/Users/vahde/Desktop/DefeatYourFear/Assets
GfxDevice: creating device client; threaded=0
Direct3D:
    Version:  Direct3D 11.0 [level 11.0]
    Renderer: NVIDIA GeForce MX110 (ID=0x174e)
    Vendor:   
    VRAM:     2010 MB
    Driver:   27.21.14.6172
Initialize mono
Mono path[0] = 'C:/Program Files/Unity/Hub/Editor/2020.3.0f1/Editor/Data/Managed'
Mono path[1] = 'C:/Program Files/Unity/Hub/Editor/2020.3.0f1/Editor/Data/MonoBleedingEdge/lib/mono/unityjit'
Mono config path = 'C:/Program Files/Unity/Hub/Editor/2020.3.0f1/Editor/Data/MonoBleedingEdge/etc'
Using monoOptions --debugger-agent=transport=dt_socket,embedding=1,server=y,suspend=n,address=127.0.0.1:56084
Begin MonoManager ReloadAssembly
Registering precompiled unity dll's ...
Register platform support module: C:/Program Files/Unity/Hub/Editor/2020.3.0f1/Editor/Data/PlaybackEngines/WindowsStandaloneSupport/UnityEditor.WindowsStandalone.Extensions.dll
Registered in 0.001882 seconds.
Native extension for WindowsStandalone target not found
Refreshing native plugins compatible for Editor in 36.62 ms, found 0 plugins.
Preloading 0 native plugins for Editor in 0.00 ms.
Invoked RoslynAnalysisRunner static constructor.
RoslynAnalysisRunner will not be running.
RoslynAnalysisRunner has terminated.
Mono: successfully reloaded assembly
- Completed reload, in  1.018 seconds
Platform modules already initialized, skipping
Registering precompiled user dll's ...
Registered in 0.000737 seconds.
Begin MonoManager ReloadAssembly
Native extension for WindowsStandalone target not found
Refreshing native plugins compatible for Editor in 0.36 ms, found 0 plugins.
Preloading 0 native plugins for Editor in 0.00 ms.
Invoked RoslynAnalysisRunner static constructor.
RoslynAnalysisRunner will not be running.
RoslynAnalysisRunner has terminated.
Mono: successfully reloaded assembly
- Completed reload, in  1.004 seconds
Platform modules already initialized, skipping
========================================================================
Worker process is ready to serve import requests
Launched and connected shader compiler UnityShaderCompiler.exe after 0.11 seconds
Refreshing native plugins compatible for Editor in 0.42 ms, found 0 plugins.
Preloading 0 native plugins for Editor in 0.00 ms.
Unloading 1268 Unused Serialized files (Serialized files now loaded: 0)
System memory in use before: 93.1 MB.
System memory in use after: 93.2 MB.

Unloading 8 unused Assets to reduce memory usage. Loaded Objects now: 1760.
Total: 3.178700 ms (FindLiveObjects: 0.512600 ms CreateObjectMapping: 0.262200 ms MarkObjects: 2.370100 ms  DeleteObjects: 0.032200 ms)

========================================================================
Received Import Request.
  path: Assets/Scenes/MAinMenu.unity
  artifactKey: Guid(9fc0d4010bbf28b4594072e72b8655ab) Importer(815301076,1909f56bfc062723c751e8b465ee728b)
Start importing Assets/Scenes/MAinMenu.unity using Guid(9fc0d4010bbf28b4594072e72b8655ab) Importer(815301076,1909f56bfc062723c751e8b465ee728b)  -> (artifact id: '875904293f020aa417db26aa207d00fb') in 0.169257 seconds
  Import took 0.261915 seconds .

========================================================================
Received Import Request.
  Time since last request: 475.091375 seconds.
  path: Assets/Scenes/QuesionScene.unity
  artifactKey: Guid(89132a85571e3084a9d8534f40a8ce07) Importer(815301076,1909f56bfc062723c751e8b465ee728b)
Start importing Assets/Scenes/QuesionScene.unity using Guid(89132a85571e3084a9d8534f40a8ce07) Importer(815301076,1909f56bfc062723c751e8b465ee728b)  -> (artifact id: '1ab9503dbb31455d4687b27f86664127') in 0.041132 seconds
  Import took 0.120021 seconds .

========================================================================
Received Prepare
Registering precompiled user dll's ...
Registered in 0.001680 seconds.
Begin MonoManager ReloadAssembly
Native extension for WindowsStandalone target not found
Refreshing native plugins compatible for Editor in 0.94 ms, found 0 plugins.
Preloading 0 native plugins for Editor in 0.00 ms.
Invoked RoslynAnalysisRunner static constructor.
RoslynAnalysisRunner will not be running.
RoslynAnalysisRunner has terminated.
Mono: successfully reloaded assembly
- Completed reload, in  2.268 seconds
Platform modules already initialized, skipping
Refreshing native plugins compatible for Editor in 0.56 ms, found 0 plugins.
Preloading 0 native plugins for Editor in 0.00 ms.
Unloading 1228 Unused Serialized files (Serialized files now loaded: 0)
System memory in use before: 90.3 MB.
System memory in use after: 90.4 MB.

Unloading 4 unused Assets to reduce memory usage. Loaded Objects now: 1763.
Total: 3.200600 ms (FindLiveObjects: 0.295300 ms CreateObjectMapping: 0.112200 ms MarkObjects: 2.748600 ms  DeleteObjects: 0.040900 ms)

========================================================================
Received Import Request.
  Time since last request: 91.295039 seconds.
  path: Assets/Scenes/MAinMenu.unity
  artifactKey: Guid(9fc0d4010bbf28b4594072e72b8655ab) Importer(815301076,1909f56bfc062723c751e8b465ee728b)
Start importing Assets/Scenes/MAinMenu.unity using Guid(9fc0d4010bbf28b4594072e72b8655ab) Importer(815301076,1909f56bfc062723c751e8b465ee728b)  -> (artifact id: 'ddd2eb38573ef06887f34b4e432a9f2a') in 0.057227 seconds
  Import took 0.083643 seconds .

========================================================================
Received Import Request.
  Time since last request: 2.512656 seconds.
  path: Assets/Scenes/MAinMenu.unity
  artifactKey: Guid(9fc0d4010bbf28b4594072e72b8655ab) Importer(815301076,1909f56bfc062723c751e8b465ee728b)
Start importing Assets/Scenes/MAinMenu.unity using Guid(9fc0d4010bbf28b4594072e72b8655ab) Importer(815301076,1909f56bfc062723c751e8b465ee728b)  -> (artifact id: 'ddd2eb38573ef06887f34b4e432a9f2a') in 0.006047 seconds
  Import took 0.052496 seconds .

========================================================================
Received Import Request.
  Time since last request: 302.562797 seconds.
  path: Assets/Scenes/claustrophiba.unity
  artifactKey: Guid(7cb5f837eedf5f348becbff337259094) Importer(815301076,1909f56bfc062723c751e8b465ee728b)
Start importing Assets/Scenes/claustrophiba.unity using Guid(7cb5f837eedf5f348becbff337259094) Importer(815301076,1909f56bfc062723c751e8b465ee728b)  -> (artifact id: '23441396d0d2a1176c9066c008a77a6a') in 0.045374 seconds
  Import took 0.072006 seconds .

========================================================================
Received Prepare
Registering precompiled user dll's ...
Registered in 0.001491 seconds.
Begin MonoManager ReloadAssembly
Native extension for WindowsStandalone target not found
Refreshing native plugins compatible for Editor in 0.84 ms, found 0 plugins.
Preloading 0 native plugins for Editor in 0.00 ms.
Invoked RoslynAnalysisRunner static constructor.
RoslynAnalysisRunner will not be running.
RoslynAnalysisRunner has terminated.
Mono: successfully reloaded assembly
- Completed reload, in  4.218 seconds
Platform modules already initialized, skipping
Refreshing native plugins compatible for Editor in 0.90 ms, found 0 plugins.
Preloading 0 native plugins for Editor in 0.00 ms.
Unloading 1228 Unused Serialized files (Serialized files now loaded: 0)
System memory in use before: 90.4 MB.
System memory in use after: 90.5 MB.

Unloading 4 unused Assets to reduce memory usage. Loaded Objects now: 1766.
Total: 3.471400 ms (FindLiveObjects: 0.378300 ms CreateObjectMapping: 0.096800 ms MarkObjects: 2.959400 ms  DeleteObjects: 0.034100 ms)

AssetImportWorkerClient::OnTransportError - code=2 error=End of file
